ARM GAS  /tmp/cc6dWSq3.s 			page 1


   1              		.cpu cortex-m4
   2              		.eabi_attribute 27, 1
   3              		.eabi_attribute 28, 1
   4              		.eabi_attribute 20, 1
   5              		.eabi_attribute 21, 1
   6              		.eabi_attribute 23, 3
   7              		.eabi_attribute 24, 1
   8              		.eabi_attribute 25, 1
   9              		.eabi_attribute 26, 1
  10              		.eabi_attribute 30, 1
  11              		.eabi_attribute 34, 1
  12              		.eabi_attribute 18, 4
  13              		.file	"stm32f4xx_hal_msp.c"
  14              		.text
  15              	.Ltext0:
  16              		.cfi_sections	.debug_frame
  17              		.section	.text.HAL_ADC_MspInit,"ax",%progbits
  18              		.align	1
  19              		.global	HAL_ADC_MspInit
  20              		.arch armv7e-m
  21              		.syntax unified
  22              		.thumb
  23              		.thumb_func
  24              		.fpu fpv4-sp-d16
  26              	HAL_ADC_MspInit:
  27              	.LVL0:
  28              	.LFB126:
  29              		.file 1 "Src/stm32f4xx_hal_msp.c"
   1:Src/stm32f4xx_hal_msp.c **** /**
   2:Src/stm32f4xx_hal_msp.c ****   ******************************************************************************
   3:Src/stm32f4xx_hal_msp.c ****   * @file    ADC/ADC_RegularConversion_DMA/Src/stm32f4xx_hal_msp.c
   4:Src/stm32f4xx_hal_msp.c ****   * @author  MCD Application Team
   5:Src/stm32f4xx_hal_msp.c ****   * @brief   HAL MSP module.
   6:Src/stm32f4xx_hal_msp.c ****   ******************************************************************************
   7:Src/stm32f4xx_hal_msp.c ****   * @attention
   8:Src/stm32f4xx_hal_msp.c ****   *
   9:Src/stm32f4xx_hal_msp.c ****   * <h2><center>&copy; COPYRIGHT(c) 2017 STMicroelectronics</center></h2>
  10:Src/stm32f4xx_hal_msp.c ****   *
  11:Src/stm32f4xx_hal_msp.c ****   * Redistribution and use in source and binary forms, with or without modification,
  12:Src/stm32f4xx_hal_msp.c ****   * are permitted provided that the following conditions are met:
  13:Src/stm32f4xx_hal_msp.c ****   *   1. Redistributions of source code must retain the above copyright notice,
  14:Src/stm32f4xx_hal_msp.c ****   *      this list of conditions and the following disclaimer.
  15:Src/stm32f4xx_hal_msp.c ****   *   2. Redistributions in binary form must reproduce the above copyright notice,
  16:Src/stm32f4xx_hal_msp.c ****   *      this list of conditions and the following disclaimer in the documentation
  17:Src/stm32f4xx_hal_msp.c ****   *      and/or other materials provided with the distribution.
  18:Src/stm32f4xx_hal_msp.c ****   *   3. Neither the name of STMicroelectronics nor the names of its contributors
  19:Src/stm32f4xx_hal_msp.c ****   *      may be used to endorse or promote products derived from this software
  20:Src/stm32f4xx_hal_msp.c ****   *      without specific prior written permission.
  21:Src/stm32f4xx_hal_msp.c ****   *
  22:Src/stm32f4xx_hal_msp.c ****   * THIS SOFTWARE IS PROVIDED BY THE COPYRIGHT HOLDERS AND CONTRIBUTORS "AS IS"
  23:Src/stm32f4xx_hal_msp.c ****   * AND ANY EXPRESS OR IMPLIED WARRANTIES, INCLUDING, BUT NOT LIMITED TO, THE
  24:Src/stm32f4xx_hal_msp.c ****   * IMPLIED WARRANTIES OF MERCHANTABILITY AND FITNESS FOR A PARTICULAR PURPOSE ARE
  25:Src/stm32f4xx_hal_msp.c ****   * DISCLAIMED. IN NO EVENT SHALL THE COPYRIGHT HOLDER OR CONTRIBUTORS BE LIABLE
  26:Src/stm32f4xx_hal_msp.c ****   * FOR ANY DIRECT, INDIRECT, INCIDENTAL, SPECIAL, EXEMPLARY, OR CONSEQUENTIAL
  27:Src/stm32f4xx_hal_msp.c ****   * DAMAGES (INCLUDING, BUT NOT LIMITED TO, PROCUREMENT OF SUBSTITUTE GOODS OR
  28:Src/stm32f4xx_hal_msp.c ****   * SERVICES; LOSS OF USE, DATA, OR PROFITS; OR BUSINESS INTERRUPTION) HOWEVER
  29:Src/stm32f4xx_hal_msp.c ****   * CAUSED AND ON ANY THEORY OF LIABILITY, WHETHER IN CONTRACT, STRICT LIABILITY,
ARM GAS  /tmp/cc6dWSq3.s 			page 2


  30:Src/stm32f4xx_hal_msp.c ****   * OR TORT (INCLUDING NEGLIGENCE OR OTHERWISE) ARISING IN ANY WAY OUT OF THE USE
  31:Src/stm32f4xx_hal_msp.c ****   * OF THIS SOFTWARE, EVEN IF ADVISED OF THE POSSIBILITY OF SUCH DAMAGE.
  32:Src/stm32f4xx_hal_msp.c ****   *
  33:Src/stm32f4xx_hal_msp.c ****   ******************************************************************************
  34:Src/stm32f4xx_hal_msp.c ****   */
  35:Src/stm32f4xx_hal_msp.c **** 
  36:Src/stm32f4xx_hal_msp.c **** /* Includes ------------------------------------------------------------------*/
  37:Src/stm32f4xx_hal_msp.c **** #include "main.h"
  38:Src/stm32f4xx_hal_msp.c **** 
  39:Src/stm32f4xx_hal_msp.c **** /** @addtogroup STM32F4xx_HAL_Examples
  40:Src/stm32f4xx_hal_msp.c ****   * @{
  41:Src/stm32f4xx_hal_msp.c ****   */
  42:Src/stm32f4xx_hal_msp.c **** 
  43:Src/stm32f4xx_hal_msp.c **** /** @defgroup ADC_RegularConversion_DMA
  44:Src/stm32f4xx_hal_msp.c ****   * @{
  45:Src/stm32f4xx_hal_msp.c ****   */
  46:Src/stm32f4xx_hal_msp.c **** 
  47:Src/stm32f4xx_hal_msp.c **** /* Private typedef -----------------------------------------------------------*/
  48:Src/stm32f4xx_hal_msp.c **** /* Private define ------------------------------------------------------------*/
  49:Src/stm32f4xx_hal_msp.c **** /* Private macro -------------------------------------------------------------*/
  50:Src/stm32f4xx_hal_msp.c **** /* Private variables ---------------------------------------------------------*/
  51:Src/stm32f4xx_hal_msp.c **** /* Private function prototypes -----------------------------------------------*/
  52:Src/stm32f4xx_hal_msp.c **** /* Private functions ---------------------------------------------------------*/
  53:Src/stm32f4xx_hal_msp.c **** 
  54:Src/stm32f4xx_hal_msp.c **** /** @defgroup HAL_MSP_Private_Functions
  55:Src/stm32f4xx_hal_msp.c ****   * @{
  56:Src/stm32f4xx_hal_msp.c ****   */
  57:Src/stm32f4xx_hal_msp.c **** 
  58:Src/stm32f4xx_hal_msp.c **** /**
  59:Src/stm32f4xx_hal_msp.c ****   * @brief ADC MSP Initialization
  60:Src/stm32f4xx_hal_msp.c ****   *        This function configures the hardware resources used in this example:
  61:Src/stm32f4xx_hal_msp.c ****   *           - Peripheral's clock enable
  62:Src/stm32f4xx_hal_msp.c ****   *           - Peripheral's GPIO Configuration
  63:Src/stm32f4xx_hal_msp.c ****   * @param hadc: ADC handle pointer
  64:Src/stm32f4xx_hal_msp.c ****   * @retval None
  65:Src/stm32f4xx_hal_msp.c ****   */
  66:Src/stm32f4xx_hal_msp.c **** void HAL_ADC_MspInit(ADC_HandleTypeDef *hadc)
  67:Src/stm32f4xx_hal_msp.c **** {
  30              		.loc 1 67 1 view -0
  31              		.cfi_startproc
  32              		@ args = 0, pretend = 0, frame = 32
  33              		@ frame_needed = 0, uses_anonymous_args = 0
  34              		.loc 1 67 1 is_stmt 0 view .LVU1
  35 0000 70B5     		push	{r4, r5, r6, lr}
  36              	.LCFI0:
  37              		.cfi_def_cfa_offset 16
  38              		.cfi_offset 4, -16
  39              		.cfi_offset 5, -12
  40              		.cfi_offset 6, -8
  41              		.cfi_offset 14, -4
  42 0002 88B0     		sub	sp, sp, #32
  43              	.LCFI1:
  44              		.cfi_def_cfa_offset 48
  45 0004 0646     		mov	r6, r0
  68:Src/stm32f4xx_hal_msp.c ****   GPIO_InitTypeDef          GPIO_InitStruct;
  46              		.loc 1 68 3 is_stmt 1 view .LVU2
  69:Src/stm32f4xx_hal_msp.c ****   static DMA_HandleTypeDef  hdma_adc;
ARM GAS  /tmp/cc6dWSq3.s 			page 3


  47              		.loc 1 69 3 view .LVU3
  70:Src/stm32f4xx_hal_msp.c **** 
  71:Src/stm32f4xx_hal_msp.c ****   /*##-1- Enable peripherals and GPIO Clocks #################################*/
  72:Src/stm32f4xx_hal_msp.c ****   /* ADC2 Periph clock enable */
  73:Src/stm32f4xx_hal_msp.c ****   ADCx_CLK_ENABLE();
  48              		.loc 1 73 3 view .LVU4
  49              	.LBB2:
  50              		.loc 1 73 3 view .LVU5
  51 0006 0025     		movs	r5, #0
  52 0008 0095     		str	r5, [sp]
  53              		.loc 1 73 3 view .LVU6
  54 000a 294B     		ldr	r3, .L3
  55 000c 5A6C     		ldr	r2, [r3, #68]
  56 000e 42F40072 		orr	r2, r2, #512
  57 0012 5A64     		str	r2, [r3, #68]
  58              		.loc 1 73 3 view .LVU7
  59 0014 5A6C     		ldr	r2, [r3, #68]
  60 0016 02F40072 		and	r2, r2, #512
  61 001a 0092     		str	r2, [sp]
  62              		.loc 1 73 3 view .LVU8
  63 001c 009A     		ldr	r2, [sp]
  64              	.LBE2:
  74:Src/stm32f4xx_hal_msp.c ****   /* Enable GPIO clock ****************************************/
  75:Src/stm32f4xx_hal_msp.c ****   ADCx_CHANNEL_GPIO_CLK_ENABLE();
  65              		.loc 1 75 3 view .LVU9
  66              	.LBB3:
  67              		.loc 1 75 3 view .LVU10
  68 001e 0195     		str	r5, [sp, #4]
  69              		.loc 1 75 3 view .LVU11
  70 0020 1A6B     		ldr	r2, [r3, #48]
  71 0022 42F00102 		orr	r2, r2, #1
  72 0026 1A63     		str	r2, [r3, #48]
  73              		.loc 1 75 3 view .LVU12
  74 0028 1A6B     		ldr	r2, [r3, #48]
  75 002a 02F00102 		and	r2, r2, #1
  76 002e 0192     		str	r2, [sp, #4]
  77              		.loc 1 75 3 view .LVU13
  78 0030 019A     		ldr	r2, [sp, #4]
  79              	.LBE3:
  76:Src/stm32f4xx_hal_msp.c ****   /* Enable DMA2 clock */
  77:Src/stm32f4xx_hal_msp.c ****   DMAx_CLK_ENABLE();
  80              		.loc 1 77 3 view .LVU14
  81              	.LBB4:
  82              		.loc 1 77 3 view .LVU15
  83 0032 0295     		str	r5, [sp, #8]
  84              		.loc 1 77 3 view .LVU16
  85 0034 1A6B     		ldr	r2, [r3, #48]
  86 0036 42F48002 		orr	r2, r2, #4194304
  87 003a 1A63     		str	r2, [r3, #48]
  88              		.loc 1 77 3 view .LVU17
  89 003c 1B6B     		ldr	r3, [r3, #48]
  90 003e 03F48003 		and	r3, r3, #4194304
  91 0042 0293     		str	r3, [sp, #8]
  92              		.loc 1 77 3 view .LVU18
  93 0044 029B     		ldr	r3, [sp, #8]
  94              	.LBE4:
  78:Src/stm32f4xx_hal_msp.c **** 
ARM GAS  /tmp/cc6dWSq3.s 			page 4


  79:Src/stm32f4xx_hal_msp.c ****   /*##-2- Configure peripheral GPIO ##########################################*/
  80:Src/stm32f4xx_hal_msp.c ****   /* ADC Channel GPIO pin configuration */
  81:Src/stm32f4xx_hal_msp.c ****   GPIO_InitStruct.Pin = ADCx_CHANNEL_PIN;
  95              		.loc 1 81 3 view .LVU19
  96              		.loc 1 81 23 is_stmt 0 view .LVU20
  97 0046 2023     		movs	r3, #32
  98 0048 0393     		str	r3, [sp, #12]
  82:Src/stm32f4xx_hal_msp.c ****   GPIO_InitStruct.Mode = GPIO_MODE_ANALOG;
  99              		.loc 1 82 3 is_stmt 1 view .LVU21
 100              		.loc 1 82 24 is_stmt 0 view .LVU22
 101 004a 0323     		movs	r3, #3
 102 004c 0493     		str	r3, [sp, #16]
  83:Src/stm32f4xx_hal_msp.c ****   GPIO_InitStruct.Pull = GPIO_NOPULL;
 103              		.loc 1 83 3 is_stmt 1 view .LVU23
 104              		.loc 1 83 24 is_stmt 0 view .LVU24
 105 004e 0595     		str	r5, [sp, #20]
  84:Src/stm32f4xx_hal_msp.c ****   HAL_GPIO_Init(ADCx_CHANNEL_GPIO_PORT, &GPIO_InitStruct);
 106              		.loc 1 84 3 is_stmt 1 view .LVU25
 107 0050 03A9     		add	r1, sp, #12
 108 0052 1848     		ldr	r0, .L3+4
 109              	.LVL1:
 110              		.loc 1 84 3 is_stmt 0 view .LVU26
 111 0054 FFF7FEFF 		bl	HAL_GPIO_Init
 112              	.LVL2:
  85:Src/stm32f4xx_hal_msp.c **** 
  86:Src/stm32f4xx_hal_msp.c ****   /*##-3- Configure the DMA streams ##########################################*/
  87:Src/stm32f4xx_hal_msp.c ****   /* Set the parameters to be configured */
  88:Src/stm32f4xx_hal_msp.c ****   hdma_adc.Instance = ADCx_DMA_STREAM;
 113              		.loc 1 88 3 is_stmt 1 view .LVU27
 114              		.loc 1 88 21 is_stmt 0 view .LVU28
 115 0058 174C     		ldr	r4, .L3+8
 116 005a 184B     		ldr	r3, .L3+12
 117 005c 2360     		str	r3, [r4]
  89:Src/stm32f4xx_hal_msp.c **** 
  90:Src/stm32f4xx_hal_msp.c ****   hdma_adc.Init.Channel  = ADCx_DMA_CHANNEL;
 118              		.loc 1 90 3 is_stmt 1 view .LVU29
 119              		.loc 1 90 26 is_stmt 0 view .LVU30
 120 005e 4FF00073 		mov	r3, #33554432
 121 0062 6360     		str	r3, [r4, #4]
  91:Src/stm32f4xx_hal_msp.c ****   hdma_adc.Init.Direction = DMA_PERIPH_TO_MEMORY;
 122              		.loc 1 91 3 is_stmt 1 view .LVU31
 123              		.loc 1 91 27 is_stmt 0 view .LVU32
 124 0064 A560     		str	r5, [r4, #8]
  92:Src/stm32f4xx_hal_msp.c ****   hdma_adc.Init.PeriphInc = DMA_PINC_DISABLE;
 125              		.loc 1 92 3 is_stmt 1 view .LVU33
 126              		.loc 1 92 27 is_stmt 0 view .LVU34
 127 0066 E560     		str	r5, [r4, #12]
  93:Src/stm32f4xx_hal_msp.c ****   hdma_adc.Init.MemInc = DMA_MINC_ENABLE;
 128              		.loc 1 93 3 is_stmt 1 view .LVU35
 129              		.loc 1 93 24 is_stmt 0 view .LVU36
 130 0068 4FF48063 		mov	r3, #1024
 131 006c 2361     		str	r3, [r4, #16]
  94:Src/stm32f4xx_hal_msp.c ****   hdma_adc.Init.PeriphDataAlignment = DMA_PDATAALIGN_WORD;
 132              		.loc 1 94 3 is_stmt 1 view .LVU37
 133              		.loc 1 94 37 is_stmt 0 view .LVU38
 134 006e 4FF48053 		mov	r3, #4096
 135 0072 6361     		str	r3, [r4, #20]
ARM GAS  /tmp/cc6dWSq3.s 			page 5


  95:Src/stm32f4xx_hal_msp.c ****   hdma_adc.Init.MemDataAlignment = DMA_MDATAALIGN_WORD;
 136              		.loc 1 95 3 is_stmt 1 view .LVU39
 137              		.loc 1 95 34 is_stmt 0 view .LVU40
 138 0074 4FF48043 		mov	r3, #16384
 139 0078 A361     		str	r3, [r4, #24]
  96:Src/stm32f4xx_hal_msp.c ****   hdma_adc.Init.Mode = DMA_CIRCULAR;
 140              		.loc 1 96 3 is_stmt 1 view .LVU41
 141              		.loc 1 96 22 is_stmt 0 view .LVU42
 142 007a 4FF48073 		mov	r3, #256
 143 007e E361     		str	r3, [r4, #28]
  97:Src/stm32f4xx_hal_msp.c ****   hdma_adc.Init.Priority = DMA_PRIORITY_HIGH;
 144              		.loc 1 97 3 is_stmt 1 view .LVU43
 145              		.loc 1 97 26 is_stmt 0 view .LVU44
 146 0080 4FF40033 		mov	r3, #131072
 147 0084 2362     		str	r3, [r4, #32]
  98:Src/stm32f4xx_hal_msp.c ****   hdma_adc.Init.FIFOMode = DMA_FIFOMODE_DISABLE;
 148              		.loc 1 98 3 is_stmt 1 view .LVU45
 149              		.loc 1 98 26 is_stmt 0 view .LVU46
 150 0086 6562     		str	r5, [r4, #36]
  99:Src/stm32f4xx_hal_msp.c ****   hdma_adc.Init.FIFOThreshold = DMA_FIFO_THRESHOLD_HALFFULL;
 151              		.loc 1 99 3 is_stmt 1 view .LVU47
 152              		.loc 1 99 31 is_stmt 0 view .LVU48
 153 0088 0123     		movs	r3, #1
 154 008a A362     		str	r3, [r4, #40]
 100:Src/stm32f4xx_hal_msp.c ****   hdma_adc.Init.MemBurst = DMA_MBURST_SINGLE;
 155              		.loc 1 100 3 is_stmt 1 view .LVU49
 156              		.loc 1 100 26 is_stmt 0 view .LVU50
 157 008c E562     		str	r5, [r4, #44]
 101:Src/stm32f4xx_hal_msp.c ****   hdma_adc.Init.PeriphBurst = DMA_PBURST_SINGLE;
 158              		.loc 1 101 3 is_stmt 1 view .LVU51
 159              		.loc 1 101 29 is_stmt 0 view .LVU52
 160 008e 2563     		str	r5, [r4, #48]
 102:Src/stm32f4xx_hal_msp.c **** 
 103:Src/stm32f4xx_hal_msp.c ****   HAL_DMA_Init(&hdma_adc);
 161              		.loc 1 103 3 is_stmt 1 view .LVU53
 162 0090 2046     		mov	r0, r4
 163 0092 FFF7FEFF 		bl	HAL_DMA_Init
 164              	.LVL3:
 104:Src/stm32f4xx_hal_msp.c **** 
 105:Src/stm32f4xx_hal_msp.c ****   /* Associate the initialized DMA handle to the ADC handle */
 106:Src/stm32f4xx_hal_msp.c ****   __HAL_LINKDMA(hadc, DMA_Handle, hdma_adc);
 165              		.loc 1 106 3 view .LVU54
 166              		.loc 1 106 3 view .LVU55
 167 0096 B463     		str	r4, [r6, #56]
 168              		.loc 1 106 3 view .LVU56
 169 0098 A663     		str	r6, [r4, #56]
 107:Src/stm32f4xx_hal_msp.c **** 
 108:Src/stm32f4xx_hal_msp.c ****   /*##-4- Configure the NVIC for DMA #########################################*/
 109:Src/stm32f4xx_hal_msp.c ****   /* NVIC configuration for DMA transfer complete interrupt */
 110:Src/stm32f4xx_hal_msp.c ****   HAL_NVIC_SetPriority(ADCx_DMA_IRQn, 0, 0);
 170              		.loc 1 110 3 view .LVU57
 171 009a 2A46     		mov	r2, r5
 172 009c 2946     		mov	r1, r5
 173 009e 3B20     		movs	r0, #59
 174 00a0 FFF7FEFF 		bl	HAL_NVIC_SetPriority
 175              	.LVL4:
 111:Src/stm32f4xx_hal_msp.c ****   HAL_NVIC_EnableIRQ(ADCx_DMA_IRQn);
ARM GAS  /tmp/cc6dWSq3.s 			page 6


 176              		.loc 1 111 3 view .LVU58
 177 00a4 3B20     		movs	r0, #59
 178 00a6 FFF7FEFF 		bl	HAL_NVIC_EnableIRQ
 179              	.LVL5:
 112:Src/stm32f4xx_hal_msp.c **** }
 180              		.loc 1 112 1 is_stmt 0 view .LVU59
 181 00aa 08B0     		add	sp, sp, #32
 182              	.LCFI2:
 183              		.cfi_def_cfa_offset 16
 184              		@ sp needed
 185 00ac 70BD     		pop	{r4, r5, r6, pc}
 186              	.LVL6:
 187              	.L4:
 188              		.loc 1 112 1 view .LVU60
 189 00ae 00BF     		.align	2
 190              	.L3:
 191 00b0 00380240 		.word	1073887232
 192 00b4 00000240 		.word	1073872896
 193 00b8 00000000 		.word	.LANCHOR0
 194 00bc 58640240 		.word	1073898584
 195              		.cfi_endproc
 196              	.LFE126:
 198              		.section	.text.HAL_ADC_MspDeInit,"ax",%progbits
 199              		.align	1
 200              		.global	HAL_ADC_MspDeInit
 201              		.syntax unified
 202              		.thumb
 203              		.thumb_func
 204              		.fpu fpv4-sp-d16
 206              	HAL_ADC_MspDeInit:
 207              	.LVL7:
 208              	.LFB127:
 113:Src/stm32f4xx_hal_msp.c **** 
 114:Src/stm32f4xx_hal_msp.c **** /**
 115:Src/stm32f4xx_hal_msp.c ****   * @brief ADC MSP De-Initialization
 116:Src/stm32f4xx_hal_msp.c ****   *        This function frees the hardware resources used in this example:
 117:Src/stm32f4xx_hal_msp.c ****   *          - Disable the Peripheral's clock
 118:Src/stm32f4xx_hal_msp.c ****   *          - Revert GPIO to their default state
 119:Src/stm32f4xx_hal_msp.c ****   * @param hadc: ADC handle pointer
 120:Src/stm32f4xx_hal_msp.c ****   * @retval None
 121:Src/stm32f4xx_hal_msp.c ****   */
 122:Src/stm32f4xx_hal_msp.c **** void HAL_ADC_MspDeInit(ADC_HandleTypeDef *hadc)
 123:Src/stm32f4xx_hal_msp.c **** {
 209              		.loc 1 123 1 is_stmt 1 view -0
 210              		.cfi_startproc
 211              		@ args = 0, pretend = 0, frame = 0
 212              		@ frame_needed = 0, uses_anonymous_args = 0
 213              		.loc 1 123 1 is_stmt 0 view .LVU62
 214 0000 08B5     		push	{r3, lr}
 215              	.LCFI3:
 216              		.cfi_def_cfa_offset 8
 217              		.cfi_offset 3, -8
 218              		.cfi_offset 14, -4
 124:Src/stm32f4xx_hal_msp.c **** 
 125:Src/stm32f4xx_hal_msp.c ****   /*##-1- Reset peripherals ##################################################*/
 126:Src/stm32f4xx_hal_msp.c ****   ADCx_FORCE_RESET();
 219              		.loc 1 126 3 is_stmt 1 view .LVU63
ARM GAS  /tmp/cc6dWSq3.s 			page 7


 220 0002 074B     		ldr	r3, .L7
 221 0004 5A6A     		ldr	r2, [r3, #36]
 222 0006 42F48072 		orr	r2, r2, #256
 223 000a 5A62     		str	r2, [r3, #36]
 127:Src/stm32f4xx_hal_msp.c ****   ADCx_RELEASE_RESET();
 224              		.loc 1 127 3 view .LVU64
 225 000c 5A6A     		ldr	r2, [r3, #36]
 226 000e 22F48072 		bic	r2, r2, #256
 227 0012 5A62     		str	r2, [r3, #36]
 128:Src/stm32f4xx_hal_msp.c **** 
 129:Src/stm32f4xx_hal_msp.c ****   /*##-2- Disable peripherals and GPIO Clocks ################################*/
 130:Src/stm32f4xx_hal_msp.c ****   /* De-initialize the ADC Channel GPIO pin */
 131:Src/stm32f4xx_hal_msp.c ****   HAL_GPIO_DeInit(ADCx_CHANNEL_GPIO_PORT, ADCx_CHANNEL_PIN);
 228              		.loc 1 131 3 view .LVU65
 229 0014 2021     		movs	r1, #32
 230 0016 0348     		ldr	r0, .L7+4
 231              	.LVL8:
 232              		.loc 1 131 3 is_stmt 0 view .LVU66
 233 0018 FFF7FEFF 		bl	HAL_GPIO_DeInit
 234              	.LVL9:
 132:Src/stm32f4xx_hal_msp.c **** }
 235              		.loc 1 132 1 view .LVU67
 236 001c 08BD     		pop	{r3, pc}
 237              	.L8:
 238 001e 00BF     		.align	2
 239              	.L7:
 240 0020 00380240 		.word	1073887232
 241 0024 00000240 		.word	1073872896
 242              		.cfi_endproc
 243              	.LFE127:
 245              		.section	.bss.hdma_adc.9185,"aw",%nobits
 246              		.align	2
 247              		.set	.LANCHOR0,. + 0
 250              	hdma_adc.9185:
 251 0000 00000000 		.space	96
 251      00000000 
 251      00000000 
 251      00000000 
 251      00000000 
 252              		.text
 253              	.Letext0:
 254              		.file 2 "/usr/local/bin/gcc-arm-none-eabi-8-2018-q4-major/arm-none-eabi/include/machine/_default_t
 255              		.file 3 "/usr/local/bin/gcc-arm-none-eabi-8-2018-q4-major/arm-none-eabi/include/sys/_stdint.h"
 256              		.file 4 "/home/paulo/Alexandria/STM32Cube_FW_F4_V1.23.0/Drivers/CMSIS/Include/core_cm4.h"
 257              		.file 5 "/home/paulo/Alexandria/STM32Cube_FW_F4_V1.23.0/Drivers/CMSIS/Device/ST/STM32F4xx/Include/
 258              		.file 6 "/home/paulo/Alexandria/STM32Cube_FW_F4_V1.23.0/Drivers/CMSIS/Device/ST/STM32F4xx/Include/
 259              		.file 7 "/usr/local/bin/gcc-arm-none-eabi-8-2018-q4-major/arm-none-eabi/include/sys/lock.h"
 260              		.file 8 "/usr/local/bin/gcc-arm-none-eabi-8-2018-q4-major/arm-none-eabi/include/sys/_types.h"
 261              		.file 9 "/usr/local/bin/gcc-arm-none-eabi-8-2018-q4-major/lib/gcc/arm-none-eabi/8.2.1/include/stdd
 262              		.file 10 "/usr/local/bin/gcc-arm-none-eabi-8-2018-q4-major/arm-none-eabi/include/sys/reent.h"
 263              		.file 11 "/home/paulo/Alexandria/STM32Cube_FW_F4_V1.23.0/Drivers/STM32F4xx_HAL_Driver/Inc/stm32f4x
 264              		.file 12 "/home/paulo/Alexandria/STM32Cube_FW_F4_V1.23.0/Drivers/STM32F4xx_HAL_Driver/Inc/stm32f4x
 265              		.file 13 "/home/paulo/Alexandria/STM32Cube_FW_F4_V1.23.0/Drivers/STM32F4xx_HAL_Driver/Inc/stm32f4x
 266              		.file 14 "/home/paulo/Alexandria/STM32Cube_FW_F4_V1.23.0/Drivers/STM32F4xx_HAL_Driver/Inc/stm32f4x
 267              		.file 15 "/home/paulo/Alexandria/STM32Cube_FW_F4_V1.23.0/Drivers/STM32F4xx_HAL_Driver/Inc/stm32f4x
ARM GAS  /tmp/cc6dWSq3.s 			page 8


DEFINED SYMBOLS
                            *ABS*:0000000000000000 stm32f4xx_hal_msp.c
     /tmp/cc6dWSq3.s:18     .text.HAL_ADC_MspInit:0000000000000000 $t
     /tmp/cc6dWSq3.s:26     .text.HAL_ADC_MspInit:0000000000000000 HAL_ADC_MspInit
     /tmp/cc6dWSq3.s:191    .text.HAL_ADC_MspInit:00000000000000b0 $d
     /tmp/cc6dWSq3.s:199    .text.HAL_ADC_MspDeInit:0000000000000000 $t
     /tmp/cc6dWSq3.s:206    .text.HAL_ADC_MspDeInit:0000000000000000 HAL_ADC_MspDeInit
     /tmp/cc6dWSq3.s:240    .text.HAL_ADC_MspDeInit:0000000000000020 $d
     /tmp/cc6dWSq3.s:246    .bss.hdma_adc.9185:0000000000000000 $d
     /tmp/cc6dWSq3.s:250    .bss.hdma_adc.9185:0000000000000000 hdma_adc.9185

UNDEFINED SYMBOLS
HAL_GPIO_Init
HAL_DMA_Init
HAL_NVIC_SetPriority
HAL_NVIC_EnableIRQ
HAL_GPIO_DeInit
