ARM GAS  /tmp/ccw9L4RI.s 			page 1


   1              		.cpu cortex-m4
   2              		.eabi_attribute 27, 1
   3              		.eabi_attribute 28, 1
   4              		.eabi_attribute 20, 1
   5              		.eabi_attribute 21, 1
   6              		.eabi_attribute 23, 3
   7              		.eabi_attribute 24, 1
   8              		.eabi_attribute 25, 1
   9              		.eabi_attribute 26, 1
  10              		.eabi_attribute 30, 1
  11              		.eabi_attribute 34, 1
  12              		.eabi_attribute 18, 4
  13              		.file	"stm32f4xx_it.c"
  14              		.text
  15              	.Ltext0:
  16              		.cfi_sections	.debug_frame
  17              		.section	.text.NMI_Handler,"ax",%progbits
  18              		.align	1
  19              		.global	NMI_Handler
  20              		.arch armv7e-m
  21              		.syntax unified
  22              		.thumb
  23              		.thumb_func
  24              		.fpu fpv4-sp-d16
  26              	NMI_Handler:
  27              	.LFB126:
  28              		.file 1 "Src/stm32f4xx_it.c"
   1:Src/stm32f4xx_it.c **** /**
   2:Src/stm32f4xx_it.c ****   ******************************************************************************
   3:Src/stm32f4xx_it.c ****   * @file    LCD_DSI/LCD_DSI_CmdMode_SingleBuffer/Src/stm32f4xx_it.c 
   4:Src/stm32f4xx_it.c ****   * @author  MCD Application Team
   5:Src/stm32f4xx_it.c ****   * @brief   Main Interrupt Service Routines.
   6:Src/stm32f4xx_it.c ****   *          This file provides template for all exceptions handler and
   7:Src/stm32f4xx_it.c ****   *          peripherals interrupt service routine.
   8:Src/stm32f4xx_it.c ****   ******************************************************************************
   9:Src/stm32f4xx_it.c ****   * @attention
  10:Src/stm32f4xx_it.c ****   *
  11:Src/stm32f4xx_it.c ****   * <h2><center>&copy; COPYRIGHT(c) 2017 STMicroelectronics</center></h2>
  12:Src/stm32f4xx_it.c ****   *
  13:Src/stm32f4xx_it.c ****   * Redistribution and use in source and binary forms, with or without modification,
  14:Src/stm32f4xx_it.c ****   * are permitted provided that the following conditions are met:
  15:Src/stm32f4xx_it.c ****   *   1. Redistributions of source code must retain the above copyright notice,
  16:Src/stm32f4xx_it.c ****   *      this list of conditions and the following disclaimer.
  17:Src/stm32f4xx_it.c ****   *   2. Redistributions in binary form must reproduce the above copyright notice,
  18:Src/stm32f4xx_it.c ****   *      this list of conditions and the following disclaimer in the documentation
  19:Src/stm32f4xx_it.c ****   *      and/or other materials provided with the distribution.
  20:Src/stm32f4xx_it.c ****   *   3. Neither the name of STMicroelectronics nor the names of its contributors
  21:Src/stm32f4xx_it.c ****   *      may be used to endorse or promote products derived from this software
  22:Src/stm32f4xx_it.c ****   *      without specific prior written permission.
  23:Src/stm32f4xx_it.c ****   *
  24:Src/stm32f4xx_it.c ****   * THIS SOFTWARE IS PROVIDED BY THE COPYRIGHT HOLDERS AND CONTRIBUTORS "AS IS"
  25:Src/stm32f4xx_it.c ****   * AND ANY EXPRESS OR IMPLIED WARRANTIES, INCLUDING, BUT NOT LIMITED TO, THE
  26:Src/stm32f4xx_it.c ****   * IMPLIED WARRANTIES OF MERCHANTABILITY AND FITNESS FOR A PARTICULAR PURPOSE ARE
  27:Src/stm32f4xx_it.c ****   * DISCLAIMED. IN NO EVENT SHALL THE COPYRIGHT HOLDER OR CONTRIBUTORS BE LIABLE
  28:Src/stm32f4xx_it.c ****   * FOR ANY DIRECT, INDIRECT, INCIDENTAL, SPECIAL, EXEMPLARY, OR CONSEQUENTIAL
  29:Src/stm32f4xx_it.c ****   * DAMAGES (INCLUDING, BUT NOT LIMITED TO, PROCUREMENT OF SUBSTITUTE GOODS OR
  30:Src/stm32f4xx_it.c ****   * SERVICES; LOSS OF USE, DATA, OR PROFITS; OR BUSINESS INTERRUPTION) HOWEVER
ARM GAS  /tmp/ccw9L4RI.s 			page 2


  31:Src/stm32f4xx_it.c ****   * CAUSED AND ON ANY THEORY OF LIABILITY, WHETHER IN CONTRACT, STRICT LIABILITY,
  32:Src/stm32f4xx_it.c ****   * OR TORT (INCLUDING NEGLIGENCE OR OTHERWISE) ARISING IN ANY WAY OUT OF THE USE
  33:Src/stm32f4xx_it.c ****   * OF THIS SOFTWARE, EVEN IF ADVISED OF THE POSSIBILITY OF SUCH DAMAGE.
  34:Src/stm32f4xx_it.c ****   *
  35:Src/stm32f4xx_it.c ****   ******************************************************************************
  36:Src/stm32f4xx_it.c ****   */
  37:Src/stm32f4xx_it.c **** 
  38:Src/stm32f4xx_it.c **** /* Includes ------------------------------------------------------------------*/
  39:Src/stm32f4xx_it.c **** #include "main.h"
  40:Src/stm32f4xx_it.c **** #include "stm32f4xx_it.h"
  41:Src/stm32f4xx_it.c **** 
  42:Src/stm32f4xx_it.c **** /** @addtogroup STM32F4xx_HAL_Examples
  43:Src/stm32f4xx_it.c ****   * @{
  44:Src/stm32f4xx_it.c ****   */
  45:Src/stm32f4xx_it.c **** 
  46:Src/stm32f4xx_it.c **** /** @addtogroup LCD_DSI_Video_OneLayer
  47:Src/stm32f4xx_it.c ****   * @{
  48:Src/stm32f4xx_it.c ****   */
  49:Src/stm32f4xx_it.c **** 
  50:Src/stm32f4xx_it.c **** /* Private typedef -----------------------------------------------------------*/
  51:Src/stm32f4xx_it.c **** extern LTDC_HandleTypeDef hltdc_eval;   
  52:Src/stm32f4xx_it.c **** extern DSI_HandleTypeDef hdsi_eval;
  53:Src/stm32f4xx_it.c **** /* Private define ------------------------------------------------------------*/
  54:Src/stm32f4xx_it.c **** /* Private macro -------------------------------------------------------------*/
  55:Src/stm32f4xx_it.c **** /* Private variables ---------------------------------------------------------*/
  56:Src/stm32f4xx_it.c **** /* Private function prototypes -----------------------------------------------*/
  57:Src/stm32f4xx_it.c **** /* Private functions ---------------------------------------------------------*/
  58:Src/stm32f4xx_it.c **** 
  59:Src/stm32f4xx_it.c **** /******************************************************************************/
  60:Src/stm32f4xx_it.c **** /*            Cortex-M4 Processor Exceptions Handlers                         */
  61:Src/stm32f4xx_it.c **** /******************************************************************************/
  62:Src/stm32f4xx_it.c **** 
  63:Src/stm32f4xx_it.c **** /**
  64:Src/stm32f4xx_it.c ****   * @brief   This function handles NMI exception.
  65:Src/stm32f4xx_it.c ****   * @param  None
  66:Src/stm32f4xx_it.c ****   * @retval None
  67:Src/stm32f4xx_it.c ****   */
  68:Src/stm32f4xx_it.c **** void NMI_Handler(void)
  69:Src/stm32f4xx_it.c **** {
  29              		.loc 1 69 1 view -0
  30              		.cfi_startproc
  31              		@ args = 0, pretend = 0, frame = 0
  32              		@ frame_needed = 0, uses_anonymous_args = 0
  33              		@ link register save eliminated.
  70:Src/stm32f4xx_it.c **** }
  34              		.loc 1 70 1 view .LVU1
  35 0000 7047     		bx	lr
  36              		.cfi_endproc
  37              	.LFE126:
  39              		.section	.text.HardFault_Handler,"ax",%progbits
  40              		.align	1
  41              		.global	HardFault_Handler
  42              		.syntax unified
  43              		.thumb
  44              		.thumb_func
  45              		.fpu fpv4-sp-d16
  47              	HardFault_Handler:
ARM GAS  /tmp/ccw9L4RI.s 			page 3


  48              	.LFB127:
  71:Src/stm32f4xx_it.c **** 
  72:Src/stm32f4xx_it.c **** /**
  73:Src/stm32f4xx_it.c ****   * @brief  This function handles Hard Fault exception.
  74:Src/stm32f4xx_it.c ****   * @param  None
  75:Src/stm32f4xx_it.c ****   * @retval None
  76:Src/stm32f4xx_it.c ****   */
  77:Src/stm32f4xx_it.c **** void HardFault_Handler(void)
  78:Src/stm32f4xx_it.c **** {
  49              		.loc 1 78 1 view -0
  50              		.cfi_startproc
  51              		@ Volatile: function does not return.
  52              		@ args = 0, pretend = 0, frame = 0
  53              		@ frame_needed = 0, uses_anonymous_args = 0
  54              		@ link register save eliminated.
  55              	.L3:
  79:Src/stm32f4xx_it.c ****   /* Go to infinite loop when Hard Fault exception occurs */
  80:Src/stm32f4xx_it.c ****   while (1)
  56              		.loc 1 80 3 discriminator 1 view .LVU3
  81:Src/stm32f4xx_it.c ****   {
  82:Src/stm32f4xx_it.c ****   }
  57              		.loc 1 82 3 discriminator 1 view .LVU4
  58 0000 FEE7     		b	.L3
  59              		.cfi_endproc
  60              	.LFE127:
  62              		.section	.text.MemManage_Handler,"ax",%progbits
  63              		.align	1
  64              		.global	MemManage_Handler
  65              		.syntax unified
  66              		.thumb
  67              		.thumb_func
  68              		.fpu fpv4-sp-d16
  70              	MemManage_Handler:
  71              	.LFB128:
  83:Src/stm32f4xx_it.c **** }
  84:Src/stm32f4xx_it.c **** 
  85:Src/stm32f4xx_it.c **** /**
  86:Src/stm32f4xx_it.c ****   * @brief  This function handles Memory Manage exception.
  87:Src/stm32f4xx_it.c ****   * @param  None
  88:Src/stm32f4xx_it.c ****   * @retval None
  89:Src/stm32f4xx_it.c ****   */
  90:Src/stm32f4xx_it.c **** void MemManage_Handler(void)
  91:Src/stm32f4xx_it.c **** {
  72              		.loc 1 91 1 view -0
  73              		.cfi_startproc
  74              		@ Volatile: function does not return.
  75              		@ args = 0, pretend = 0, frame = 0
  76              		@ frame_needed = 0, uses_anonymous_args = 0
  77              		@ link register save eliminated.
  78              	.L5:
  92:Src/stm32f4xx_it.c ****   /* Go to infinite loop when Memory Manage exception occurs */
  93:Src/stm32f4xx_it.c ****   while (1)
  79              		.loc 1 93 3 discriminator 1 view .LVU6
  94:Src/stm32f4xx_it.c ****   {
  95:Src/stm32f4xx_it.c ****   }
  80              		.loc 1 95 3 discriminator 1 view .LVU7
  81 0000 FEE7     		b	.L5
ARM GAS  /tmp/ccw9L4RI.s 			page 4


  82              		.cfi_endproc
  83              	.LFE128:
  85              		.section	.text.BusFault_Handler,"ax",%progbits
  86              		.align	1
  87              		.global	BusFault_Handler
  88              		.syntax unified
  89              		.thumb
  90              		.thumb_func
  91              		.fpu fpv4-sp-d16
  93              	BusFault_Handler:
  94              	.LFB129:
  96:Src/stm32f4xx_it.c **** }
  97:Src/stm32f4xx_it.c **** 
  98:Src/stm32f4xx_it.c **** /**
  99:Src/stm32f4xx_it.c ****   * @brief  This function handles Bus Fault exception.
 100:Src/stm32f4xx_it.c ****   * @param  None
 101:Src/stm32f4xx_it.c ****   * @retval None
 102:Src/stm32f4xx_it.c ****   */
 103:Src/stm32f4xx_it.c **** void BusFault_Handler(void)
 104:Src/stm32f4xx_it.c **** {
  95              		.loc 1 104 1 view -0
  96              		.cfi_startproc
  97              		@ Volatile: function does not return.
  98              		@ args = 0, pretend = 0, frame = 0
  99              		@ frame_needed = 0, uses_anonymous_args = 0
 100              		@ link register save eliminated.
 101              	.L7:
 105:Src/stm32f4xx_it.c ****   /* Go to infinite loop when Bus Fault exception occurs */
 106:Src/stm32f4xx_it.c ****   while (1)
 102              		.loc 1 106 3 discriminator 1 view .LVU9
 107:Src/stm32f4xx_it.c ****   {
 108:Src/stm32f4xx_it.c ****   }
 103              		.loc 1 108 3 discriminator 1 view .LVU10
 104 0000 FEE7     		b	.L7
 105              		.cfi_endproc
 106              	.LFE129:
 108              		.section	.text.UsageFault_Handler,"ax",%progbits
 109              		.align	1
 110              		.global	UsageFault_Handler
 111              		.syntax unified
 112              		.thumb
 113              		.thumb_func
 114              		.fpu fpv4-sp-d16
 116              	UsageFault_Handler:
 117              	.LFB130:
 109:Src/stm32f4xx_it.c **** }
 110:Src/stm32f4xx_it.c **** 
 111:Src/stm32f4xx_it.c **** /**
 112:Src/stm32f4xx_it.c ****   * @brief  This function handles Usage Fault exception.
 113:Src/stm32f4xx_it.c ****   * @param  None
 114:Src/stm32f4xx_it.c ****   * @retval None
 115:Src/stm32f4xx_it.c ****   */
 116:Src/stm32f4xx_it.c **** void UsageFault_Handler(void)
 117:Src/stm32f4xx_it.c **** {
 118              		.loc 1 117 1 view -0
 119              		.cfi_startproc
 120              		@ Volatile: function does not return.
ARM GAS  /tmp/ccw9L4RI.s 			page 5


 121              		@ args = 0, pretend = 0, frame = 0
 122              		@ frame_needed = 0, uses_anonymous_args = 0
 123              		@ link register save eliminated.
 124              	.L9:
 118:Src/stm32f4xx_it.c ****   /* Go to infinite loop when Usage Fault exception occurs */
 119:Src/stm32f4xx_it.c ****   while (1)
 125              		.loc 1 119 3 discriminator 1 view .LVU12
 120:Src/stm32f4xx_it.c ****   {
 121:Src/stm32f4xx_it.c ****   }
 126              		.loc 1 121 3 discriminator 1 view .LVU13
 127 0000 FEE7     		b	.L9
 128              		.cfi_endproc
 129              	.LFE130:
 131              		.section	.text.SVC_Handler,"ax",%progbits
 132              		.align	1
 133              		.global	SVC_Handler
 134              		.syntax unified
 135              		.thumb
 136              		.thumb_func
 137              		.fpu fpv4-sp-d16
 139              	SVC_Handler:
 140              	.LFB131:
 122:Src/stm32f4xx_it.c **** }
 123:Src/stm32f4xx_it.c **** 
 124:Src/stm32f4xx_it.c **** /**
 125:Src/stm32f4xx_it.c ****   * @brief  This function handles SVCall exception.
 126:Src/stm32f4xx_it.c ****   * @param  None
 127:Src/stm32f4xx_it.c ****   * @retval None
 128:Src/stm32f4xx_it.c ****   */
 129:Src/stm32f4xx_it.c **** void SVC_Handler(void)
 130:Src/stm32f4xx_it.c **** {
 141              		.loc 1 130 1 view -0
 142              		.cfi_startproc
 143              		@ args = 0, pretend = 0, frame = 0
 144              		@ frame_needed = 0, uses_anonymous_args = 0
 145              		@ link register save eliminated.
 131:Src/stm32f4xx_it.c **** }
 146              		.loc 1 131 1 view .LVU15
 147 0000 7047     		bx	lr
 148              		.cfi_endproc
 149              	.LFE131:
 151              		.section	.text.DebugMon_Handler,"ax",%progbits
 152              		.align	1
 153              		.global	DebugMon_Handler
 154              		.syntax unified
 155              		.thumb
 156              		.thumb_func
 157              		.fpu fpv4-sp-d16
 159              	DebugMon_Handler:
 160              	.LFB132:
 132:Src/stm32f4xx_it.c **** 
 133:Src/stm32f4xx_it.c **** /**
 134:Src/stm32f4xx_it.c ****   * @brief  This function handles Debug Monitor exception.
 135:Src/stm32f4xx_it.c ****   * @param  None
 136:Src/stm32f4xx_it.c ****   * @retval None
 137:Src/stm32f4xx_it.c ****   */
 138:Src/stm32f4xx_it.c **** void DebugMon_Handler(void)
ARM GAS  /tmp/ccw9L4RI.s 			page 6


 139:Src/stm32f4xx_it.c **** {
 161              		.loc 1 139 1 view -0
 162              		.cfi_startproc
 163              		@ args = 0, pretend = 0, frame = 0
 164              		@ frame_needed = 0, uses_anonymous_args = 0
 165              		@ link register save eliminated.
 140:Src/stm32f4xx_it.c **** }
 166              		.loc 1 140 1 view .LVU17
 167 0000 7047     		bx	lr
 168              		.cfi_endproc
 169              	.LFE132:
 171              		.section	.text.PendSV_Handler,"ax",%progbits
 172              		.align	1
 173              		.global	PendSV_Handler
 174              		.syntax unified
 175              		.thumb
 176              		.thumb_func
 177              		.fpu fpv4-sp-d16
 179              	PendSV_Handler:
 180              	.LFB133:
 141:Src/stm32f4xx_it.c **** 
 142:Src/stm32f4xx_it.c **** /**
 143:Src/stm32f4xx_it.c ****   * @brief  This function handles PendSVC exception.
 144:Src/stm32f4xx_it.c ****   * @param  None
 145:Src/stm32f4xx_it.c ****   * @retval None
 146:Src/stm32f4xx_it.c ****   */
 147:Src/stm32f4xx_it.c **** void PendSV_Handler(void)
 148:Src/stm32f4xx_it.c **** {
 181              		.loc 1 148 1 view -0
 182              		.cfi_startproc
 183              		@ args = 0, pretend = 0, frame = 0
 184              		@ frame_needed = 0, uses_anonymous_args = 0
 185              		@ link register save eliminated.
 149:Src/stm32f4xx_it.c **** }
 186              		.loc 1 149 1 view .LVU19
 187 0000 7047     		bx	lr
 188              		.cfi_endproc
 189              	.LFE133:
 191              		.section	.text.SysTick_Handler,"ax",%progbits
 192              		.align	1
 193              		.global	SysTick_Handler
 194              		.syntax unified
 195              		.thumb
 196              		.thumb_func
 197              		.fpu fpv4-sp-d16
 199              	SysTick_Handler:
 200              	.LFB134:
 150:Src/stm32f4xx_it.c **** 
 151:Src/stm32f4xx_it.c **** /**
 152:Src/stm32f4xx_it.c ****   * @brief  This function handles SysTick Handler.
 153:Src/stm32f4xx_it.c ****   * @param  None
 154:Src/stm32f4xx_it.c ****   * @retval None
 155:Src/stm32f4xx_it.c ****   */
 156:Src/stm32f4xx_it.c **** void SysTick_Handler(void)
 157:Src/stm32f4xx_it.c **** {
 201              		.loc 1 157 1 view -0
 202              		.cfi_startproc
ARM GAS  /tmp/ccw9L4RI.s 			page 7


 203              		@ args = 0, pretend = 0, frame = 0
 204              		@ frame_needed = 0, uses_anonymous_args = 0
 205 0000 08B5     		push	{r3, lr}
 206              	.LCFI0:
 207              		.cfi_def_cfa_offset 8
 208              		.cfi_offset 3, -8
 209              		.cfi_offset 14, -4
 158:Src/stm32f4xx_it.c ****   HAL_IncTick();
 210              		.loc 1 158 3 view .LVU21
 211 0002 FFF7FEFF 		bl	HAL_IncTick
 212              	.LVL0:
 159:Src/stm32f4xx_it.c **** }
 213              		.loc 1 159 1 is_stmt 0 view .LVU22
 214 0006 08BD     		pop	{r3, pc}
 215              		.cfi_endproc
 216              	.LFE134:
 218              		.section	.text.LTDC_IRQHandler,"ax",%progbits
 219              		.align	1
 220              		.global	LTDC_IRQHandler
 221              		.syntax unified
 222              		.thumb
 223              		.thumb_func
 224              		.fpu fpv4-sp-d16
 226              	LTDC_IRQHandler:
 227              	.LFB135:
 160:Src/stm32f4xx_it.c **** 
 161:Src/stm32f4xx_it.c **** /******************************************************************************/
 162:Src/stm32f4xx_it.c **** /*                 STM32F4xx Peripherals Interrupt Handlers                   */
 163:Src/stm32f4xx_it.c **** /*  Add here the Interrupt Handler for the used peripheral(s) (PPP), for the  */
 164:Src/stm32f4xx_it.c **** /*  available peripheral interrupt handler's name please refer to the startup */
 165:Src/stm32f4xx_it.c **** /*  file (startup_stm32f4xx.s).                                               */
 166:Src/stm32f4xx_it.c **** /******************************************************************************/
 167:Src/stm32f4xx_it.c **** 
 168:Src/stm32f4xx_it.c **** /**
 169:Src/stm32f4xx_it.c ****   * @brief  This function handles LTDC interrupt request.
 170:Src/stm32f4xx_it.c ****   * @param  None
 171:Src/stm32f4xx_it.c ****   * @retval None
 172:Src/stm32f4xx_it.c ****   */
 173:Src/stm32f4xx_it.c **** void LTDC_IRQHandler(void)
 174:Src/stm32f4xx_it.c **** {
 228              		.loc 1 174 1 is_stmt 1 view -0
 229              		.cfi_startproc
 230              		@ args = 0, pretend = 0, frame = 0
 231              		@ frame_needed = 0, uses_anonymous_args = 0
 232 0000 08B5     		push	{r3, lr}
 233              	.LCFI1:
 234              		.cfi_def_cfa_offset 8
 235              		.cfi_offset 3, -8
 236              		.cfi_offset 14, -4
 175:Src/stm32f4xx_it.c ****   HAL_LTDC_IRQHandler(&hltdc_eval);
 237              		.loc 1 175 3 view .LVU24
 238 0002 0248     		ldr	r0, .L17
 239 0004 FFF7FEFF 		bl	HAL_LTDC_IRQHandler
 240              	.LVL1:
 176:Src/stm32f4xx_it.c **** }
 241              		.loc 1 176 1 is_stmt 0 view .LVU25
 242 0008 08BD     		pop	{r3, pc}
ARM GAS  /tmp/ccw9L4RI.s 			page 8


 243              	.L18:
 244 000a 00BF     		.align	2
 245              	.L17:
 246 000c 00000000 		.word	hltdc_eval
 247              		.cfi_endproc
 248              	.LFE135:
 250              		.section	.text.DSI_IRQHandler,"ax",%progbits
 251              		.align	1
 252              		.global	DSI_IRQHandler
 253              		.syntax unified
 254              		.thumb
 255              		.thumb_func
 256              		.fpu fpv4-sp-d16
 258              	DSI_IRQHandler:
 259              	.LFB136:
 177:Src/stm32f4xx_it.c **** 
 178:Src/stm32f4xx_it.c **** /**
 179:Src/stm32f4xx_it.c ****   * @brief  This function handles DSI Handler.
 180:Src/stm32f4xx_it.c ****   * @param  None
 181:Src/stm32f4xx_it.c ****   * @retval None
 182:Src/stm32f4xx_it.c ****   */
 183:Src/stm32f4xx_it.c **** void DSI_IRQHandler(void)
 184:Src/stm32f4xx_it.c **** {
 260              		.loc 1 184 1 is_stmt 1 view -0
 261              		.cfi_startproc
 262              		@ args = 0, pretend = 0, frame = 0
 263              		@ frame_needed = 0, uses_anonymous_args = 0
 264 0000 08B5     		push	{r3, lr}
 265              	.LCFI2:
 266              		.cfi_def_cfa_offset 8
 267              		.cfi_offset 3, -8
 268              		.cfi_offset 14, -4
 185:Src/stm32f4xx_it.c ****   HAL_DSI_IRQHandler(&hdsi_eval);
 269              		.loc 1 185 3 view .LVU27
 270 0002 0248     		ldr	r0, .L21
 271 0004 FFF7FEFF 		bl	HAL_DSI_IRQHandler
 272              	.LVL2:
 186:Src/stm32f4xx_it.c **** }
 273              		.loc 1 186 1 is_stmt 0 view .LVU28
 274 0008 08BD     		pop	{r3, pc}
 275              	.L22:
 276 000a 00BF     		.align	2
 277              	.L21:
 278 000c 00000000 		.word	hdsi_eval
 279              		.cfi_endproc
 280              	.LFE136:
 282              		.text
 283              	.Letext0:
 284              		.file 2 "/usr/local/bin/gcc-arm-none-eabi-8-2018-q4-major/arm-none-eabi/include/machine/_default_t
 285              		.file 3 "/usr/local/bin/gcc-arm-none-eabi-8-2018-q4-major/arm-none-eabi/include/sys/_stdint.h"
 286              		.file 4 "/home/paulo/Alexandria/STM32Cube_FW_F4_V1.23.0/Drivers/CMSIS/Include/core_cm4.h"
 287              		.file 5 "/home/paulo/Alexandria/STM32Cube_FW_F4_V1.23.0/Drivers/CMSIS/Device/ST/STM32F4xx/Include/
 288              		.file 6 "/home/paulo/Alexandria/STM32Cube_FW_F4_V1.23.0/Drivers/CMSIS/Device/ST/STM32F4xx/Include/
 289              		.file 7 "/usr/local/bin/gcc-arm-none-eabi-8-2018-q4-major/arm-none-eabi/include/sys/lock.h"
 290              		.file 8 "/usr/local/bin/gcc-arm-none-eabi-8-2018-q4-major/arm-none-eabi/include/sys/_types.h"
 291              		.file 9 "/usr/local/bin/gcc-arm-none-eabi-8-2018-q4-major/lib/gcc/arm-none-eabi/8.2.1/include/stdd
 292              		.file 10 "/usr/local/bin/gcc-arm-none-eabi-8-2018-q4-major/arm-none-eabi/include/sys/reent.h"
ARM GAS  /tmp/ccw9L4RI.s 			page 9


 293              		.file 11 "/home/paulo/Alexandria/STM32Cube_FW_F4_V1.23.0/Drivers/STM32F4xx_HAL_Driver/Inc/stm32f4x
 294              		.file 12 "/home/paulo/Alexandria/STM32Cube_FW_F4_V1.23.0/Drivers/STM32F4xx_HAL_Driver/Inc/stm32f4x
 295              		.file 13 "/home/paulo/Alexandria/STM32Cube_FW_F4_V1.23.0/Drivers/STM32F4xx_HAL_Driver/Inc/stm32f4x
 296              		.file 14 "/home/paulo/Alexandria/STM32Cube_FW_F4_V1.23.0/Drivers/STM32F4xx_HAL_Driver/Inc/stm32f4x
 297              		.file 15 "/home/paulo/Alexandria/STM32Cube_FW_F4_V1.23.0/Drivers/BSP/STM32469I-Discovery/../../../
 298              		.file 16 "/home/paulo/Alexandria/STM32Cube_FW_F4_V1.23.0/Drivers/BSP/STM32469I-Discovery/stm32469i
 299              		.file 17 "/home/paulo/Alexandria/STM32Cube_FW_F4_V1.23.0/Drivers/STM32F4xx_HAL_Driver/Inc/stm32f4x
ARM GAS  /tmp/ccw9L4RI.s 			page 10


DEFINED SYMBOLS
                            *ABS*:0000000000000000 stm32f4xx_it.c
     /tmp/ccw9L4RI.s:18     .text.NMI_Handler:0000000000000000 $t
     /tmp/ccw9L4RI.s:26     .text.NMI_Handler:0000000000000000 NMI_Handler
     /tmp/ccw9L4RI.s:40     .text.HardFault_Handler:0000000000000000 $t
     /tmp/ccw9L4RI.s:47     .text.HardFault_Handler:0000000000000000 HardFault_Handler
     /tmp/ccw9L4RI.s:63     .text.MemManage_Handler:0000000000000000 $t
     /tmp/ccw9L4RI.s:70     .text.MemManage_Handler:0000000000000000 MemManage_Handler
     /tmp/ccw9L4RI.s:86     .text.BusFault_Handler:0000000000000000 $t
     /tmp/ccw9L4RI.s:93     .text.BusFault_Handler:0000000000000000 BusFault_Handler
     /tmp/ccw9L4RI.s:109    .text.UsageFault_Handler:0000000000000000 $t
     /tmp/ccw9L4RI.s:116    .text.UsageFault_Handler:0000000000000000 UsageFault_Handler
     /tmp/ccw9L4RI.s:132    .text.SVC_Handler:0000000000000000 $t
     /tmp/ccw9L4RI.s:139    .text.SVC_Handler:0000000000000000 SVC_Handler
     /tmp/ccw9L4RI.s:152    .text.DebugMon_Handler:0000000000000000 $t
     /tmp/ccw9L4RI.s:159    .text.DebugMon_Handler:0000000000000000 DebugMon_Handler
     /tmp/ccw9L4RI.s:172    .text.PendSV_Handler:0000000000000000 $t
     /tmp/ccw9L4RI.s:179    .text.PendSV_Handler:0000000000000000 PendSV_Handler
     /tmp/ccw9L4RI.s:192    .text.SysTick_Handler:0000000000000000 $t
     /tmp/ccw9L4RI.s:199    .text.SysTick_Handler:0000000000000000 SysTick_Handler
     /tmp/ccw9L4RI.s:219    .text.LTDC_IRQHandler:0000000000000000 $t
     /tmp/ccw9L4RI.s:226    .text.LTDC_IRQHandler:0000000000000000 LTDC_IRQHandler
     /tmp/ccw9L4RI.s:246    .text.LTDC_IRQHandler:000000000000000c $d
     /tmp/ccw9L4RI.s:251    .text.DSI_IRQHandler:0000000000000000 $t
     /tmp/ccw9L4RI.s:258    .text.DSI_IRQHandler:0000000000000000 DSI_IRQHandler
     /tmp/ccw9L4RI.s:278    .text.DSI_IRQHandler:000000000000000c $d

UNDEFINED SYMBOLS
HAL_IncTick
HAL_LTDC_IRQHandler
hltdc_eval
HAL_DSI_IRQHandler
hdsi_eval
