ARM GAS  /tmp/ccRBBFjO.s 			page 1


   1              		.cpu cortex-m4
   2              		.eabi_attribute 27, 1
   3              		.eabi_attribute 28, 1
   4              		.eabi_attribute 20, 1
   5              		.eabi_attribute 21, 1
   6              		.eabi_attribute 23, 3
   7              		.eabi_attribute 24, 1
   8              		.eabi_attribute 25, 1
   9              		.eabi_attribute 26, 1
  10              		.eabi_attribute 30, 1
  11              		.eabi_attribute 34, 1
  12              		.eabi_attribute 18, 4
  13              		.file	"stm32f4xx_hal_eth.c"
  14              		.text
  15              	.Ltext0:
  16              		.cfi_sections	.debug_frame
  17              	.Letext0:
  18              		.file 1 "/usr/local/bin/gcc-arm-none-eabi-8-2018-q4-major/arm-none-eabi/include/machine/_default_t
  19              		.file 2 "/usr/local/bin/gcc-arm-none-eabi-8-2018-q4-major/arm-none-eabi/include/sys/_stdint.h"
  20              		.file 3 "/home/paulo/Alexandria/STM32Cube_FW_F4_V1.23.0/Drivers/CMSIS/Include/core_cm4.h"
  21              		.file 4 "/home/paulo/Alexandria/STM32Cube_FW_F4_V1.23.0/Drivers/CMSIS/Device/ST/STM32F4xx/Include/
  22              		.file 5 "/usr/local/bin/gcc-arm-none-eabi-8-2018-q4-major/arm-none-eabi/include/sys/lock.h"
  23              		.file 6 "/usr/local/bin/gcc-arm-none-eabi-8-2018-q4-major/arm-none-eabi/include/sys/_types.h"
  24              		.file 7 "/usr/local/bin/gcc-arm-none-eabi-8-2018-q4-major/lib/gcc/arm-none-eabi/8.2.1/include/stdd
  25              		.file 8 "/usr/local/bin/gcc-arm-none-eabi-8-2018-q4-major/arm-none-eabi/include/sys/reent.h"
ARM GAS  /tmp/ccRBBFjO.s 			page 2


DEFINED SYMBOLS
                            *ABS*:0000000000000000 stm32f4xx_hal_eth.c

NO UNDEFINED SYMBOLS
