ARM GAS  /tmp/cc0EuGnU.s 			page 1


   1              		.cpu cortex-m4
   2              		.eabi_attribute 27, 1
   3              		.eabi_attribute 28, 1
   4              		.eabi_attribute 20, 1
   5              		.eabi_attribute 21, 1
   6              		.eabi_attribute 23, 3
   7              		.eabi_attribute 24, 1
   8              		.eabi_attribute 25, 1
   9              		.eabi_attribute 26, 1
  10              		.eabi_attribute 30, 1
  11              		.eabi_attribute 34, 1
  12              		.eabi_attribute 18, 4
  13              		.file	"stm32f4xx_hal_i2c_ex.c"
  14              		.text
  15              	.Ltext0:
  16              		.cfi_sections	.debug_frame
  17              		.section	.text.HAL_I2CEx_ConfigAnalogFilter,"ax",%progbits
  18              		.align	1
  19              		.global	HAL_I2CEx_ConfigAnalogFilter
  20              		.arch armv7e-m
  21              		.syntax unified
  22              		.thumb
  23              		.thumb_func
  24              		.fpu fpv4-sp-d16
  26              	HAL_I2CEx_ConfigAnalogFilter:
  27              	.LVL0:
  28              	.LFB126:
  29              		.file 1 "/home/paulo/Alexandria/STM32Cube_FW_F4_V1.23.0/Drivers/STM32F4xx_HAL_Driver/Src/stm32f4xx
   1:/home/paulo/Alexandria/STM32Cube_FW_F4_V1.23.0/Drivers/STM32F4xx_HAL_Driver/Src/stm32f4xx_hal_i2c_ex.c **** /**
   2:/home/paulo/Alexandria/STM32Cube_FW_F4_V1.23.0/Drivers/STM32F4xx_HAL_Driver/Src/stm32f4xx_hal_i2c_ex.c ****   ******************************************************************************
   3:/home/paulo/Alexandria/STM32Cube_FW_F4_V1.23.0/Drivers/STM32F4xx_HAL_Driver/Src/stm32f4xx_hal_i2c_ex.c ****   * @file    stm32f4xx_hal_i2c_ex.c
   4:/home/paulo/Alexandria/STM32Cube_FW_F4_V1.23.0/Drivers/STM32F4xx_HAL_Driver/Src/stm32f4xx_hal_i2c_ex.c ****   * @author  MCD Application Team
   5:/home/paulo/Alexandria/STM32Cube_FW_F4_V1.23.0/Drivers/STM32F4xx_HAL_Driver/Src/stm32f4xx_hal_i2c_ex.c ****   * @brief   I2C Extension HAL module driver.
   6:/home/paulo/Alexandria/STM32Cube_FW_F4_V1.23.0/Drivers/STM32F4xx_HAL_Driver/Src/stm32f4xx_hal_i2c_ex.c ****   *          This file provides firmware functions to manage the following 
   7:/home/paulo/Alexandria/STM32Cube_FW_F4_V1.23.0/Drivers/STM32F4xx_HAL_Driver/Src/stm32f4xx_hal_i2c_ex.c ****   *          functionalities of I2C extension peripheral:
   8:/home/paulo/Alexandria/STM32Cube_FW_F4_V1.23.0/Drivers/STM32F4xx_HAL_Driver/Src/stm32f4xx_hal_i2c_ex.c ****   *           + Extension features functions
   9:/home/paulo/Alexandria/STM32Cube_FW_F4_V1.23.0/Drivers/STM32F4xx_HAL_Driver/Src/stm32f4xx_hal_i2c_ex.c ****   *    
  10:/home/paulo/Alexandria/STM32Cube_FW_F4_V1.23.0/Drivers/STM32F4xx_HAL_Driver/Src/stm32f4xx_hal_i2c_ex.c ****   @verbatim
  11:/home/paulo/Alexandria/STM32Cube_FW_F4_V1.23.0/Drivers/STM32F4xx_HAL_Driver/Src/stm32f4xx_hal_i2c_ex.c ****   ==============================================================================
  12:/home/paulo/Alexandria/STM32Cube_FW_F4_V1.23.0/Drivers/STM32F4xx_HAL_Driver/Src/stm32f4xx_hal_i2c_ex.c ****                ##### I2C peripheral extension features  #####
  13:/home/paulo/Alexandria/STM32Cube_FW_F4_V1.23.0/Drivers/STM32F4xx_HAL_Driver/Src/stm32f4xx_hal_i2c_ex.c ****   ==============================================================================
  14:/home/paulo/Alexandria/STM32Cube_FW_F4_V1.23.0/Drivers/STM32F4xx_HAL_Driver/Src/stm32f4xx_hal_i2c_ex.c ****            
  15:/home/paulo/Alexandria/STM32Cube_FW_F4_V1.23.0/Drivers/STM32F4xx_HAL_Driver/Src/stm32f4xx_hal_i2c_ex.c ****   [..] Comparing to other previous devices, the I2C interface for STM32F427xx/437xx/ 
  16:/home/paulo/Alexandria/STM32Cube_FW_F4_V1.23.0/Drivers/STM32F4xx_HAL_Driver/Src/stm32f4xx_hal_i2c_ex.c ****        429xx/439xx devices contains the following additional features :
  17:/home/paulo/Alexandria/STM32Cube_FW_F4_V1.23.0/Drivers/STM32F4xx_HAL_Driver/Src/stm32f4xx_hal_i2c_ex.c ****        
  18:/home/paulo/Alexandria/STM32Cube_FW_F4_V1.23.0/Drivers/STM32F4xx_HAL_Driver/Src/stm32f4xx_hal_i2c_ex.c ****        (+) Possibility to disable or enable Analog Noise Filter
  19:/home/paulo/Alexandria/STM32Cube_FW_F4_V1.23.0/Drivers/STM32F4xx_HAL_Driver/Src/stm32f4xx_hal_i2c_ex.c ****        (+) Use of a configured Digital Noise Filter
  20:/home/paulo/Alexandria/STM32Cube_FW_F4_V1.23.0/Drivers/STM32F4xx_HAL_Driver/Src/stm32f4xx_hal_i2c_ex.c ****    
  21:/home/paulo/Alexandria/STM32Cube_FW_F4_V1.23.0/Drivers/STM32F4xx_HAL_Driver/Src/stm32f4xx_hal_i2c_ex.c ****                      ##### How to use this driver #####
  22:/home/paulo/Alexandria/STM32Cube_FW_F4_V1.23.0/Drivers/STM32F4xx_HAL_Driver/Src/stm32f4xx_hal_i2c_ex.c ****   ==============================================================================
  23:/home/paulo/Alexandria/STM32Cube_FW_F4_V1.23.0/Drivers/STM32F4xx_HAL_Driver/Src/stm32f4xx_hal_i2c_ex.c ****   [..] This driver provides functions to configure Noise Filter
  24:/home/paulo/Alexandria/STM32Cube_FW_F4_V1.23.0/Drivers/STM32F4xx_HAL_Driver/Src/stm32f4xx_hal_i2c_ex.c ****     (#) Configure I2C Analog noise filter using the function HAL_I2C_AnalogFilter_Config()
  25:/home/paulo/Alexandria/STM32Cube_FW_F4_V1.23.0/Drivers/STM32F4xx_HAL_Driver/Src/stm32f4xx_hal_i2c_ex.c ****     (#) Configure I2C Digital noise filter using the function HAL_I2C_DigitalFilter_Config()
  26:/home/paulo/Alexandria/STM32Cube_FW_F4_V1.23.0/Drivers/STM32F4xx_HAL_Driver/Src/stm32f4xx_hal_i2c_ex.c ****   
  27:/home/paulo/Alexandria/STM32Cube_FW_F4_V1.23.0/Drivers/STM32F4xx_HAL_Driver/Src/stm32f4xx_hal_i2c_ex.c ****   @endverbatim
  28:/home/paulo/Alexandria/STM32Cube_FW_F4_V1.23.0/Drivers/STM32F4xx_HAL_Driver/Src/stm32f4xx_hal_i2c_ex.c ****   ******************************************************************************
  29:/home/paulo/Alexandria/STM32Cube_FW_F4_V1.23.0/Drivers/STM32F4xx_HAL_Driver/Src/stm32f4xx_hal_i2c_ex.c ****   * @attention
ARM GAS  /tmp/cc0EuGnU.s 			page 2


  30:/home/paulo/Alexandria/STM32Cube_FW_F4_V1.23.0/Drivers/STM32F4xx_HAL_Driver/Src/stm32f4xx_hal_i2c_ex.c ****   *
  31:/home/paulo/Alexandria/STM32Cube_FW_F4_V1.23.0/Drivers/STM32F4xx_HAL_Driver/Src/stm32f4xx_hal_i2c_ex.c ****   * <h2><center>&copy; COPYRIGHT(c) 2017 STMicroelectronics</center></h2>
  32:/home/paulo/Alexandria/STM32Cube_FW_F4_V1.23.0/Drivers/STM32F4xx_HAL_Driver/Src/stm32f4xx_hal_i2c_ex.c ****   *
  33:/home/paulo/Alexandria/STM32Cube_FW_F4_V1.23.0/Drivers/STM32F4xx_HAL_Driver/Src/stm32f4xx_hal_i2c_ex.c ****   * Redistribution and use in source and binary forms, with or without modification,
  34:/home/paulo/Alexandria/STM32Cube_FW_F4_V1.23.0/Drivers/STM32F4xx_HAL_Driver/Src/stm32f4xx_hal_i2c_ex.c ****   * are permitted provided that the following conditions are met:
  35:/home/paulo/Alexandria/STM32Cube_FW_F4_V1.23.0/Drivers/STM32F4xx_HAL_Driver/Src/stm32f4xx_hal_i2c_ex.c ****   *   1. Redistributions of source code must retain the above copyright notice,
  36:/home/paulo/Alexandria/STM32Cube_FW_F4_V1.23.0/Drivers/STM32F4xx_HAL_Driver/Src/stm32f4xx_hal_i2c_ex.c ****   *      this list of conditions and the following disclaimer.
  37:/home/paulo/Alexandria/STM32Cube_FW_F4_V1.23.0/Drivers/STM32F4xx_HAL_Driver/Src/stm32f4xx_hal_i2c_ex.c ****   *   2. Redistributions in binary form must reproduce the above copyright notice,
  38:/home/paulo/Alexandria/STM32Cube_FW_F4_V1.23.0/Drivers/STM32F4xx_HAL_Driver/Src/stm32f4xx_hal_i2c_ex.c ****   *      this list of conditions and the following disclaimer in the documentation
  39:/home/paulo/Alexandria/STM32Cube_FW_F4_V1.23.0/Drivers/STM32F4xx_HAL_Driver/Src/stm32f4xx_hal_i2c_ex.c ****   *      and/or other materials provided with the distribution.
  40:/home/paulo/Alexandria/STM32Cube_FW_F4_V1.23.0/Drivers/STM32F4xx_HAL_Driver/Src/stm32f4xx_hal_i2c_ex.c ****   *   3. Neither the name of STMicroelectronics nor the names of its contributors
  41:/home/paulo/Alexandria/STM32Cube_FW_F4_V1.23.0/Drivers/STM32F4xx_HAL_Driver/Src/stm32f4xx_hal_i2c_ex.c ****   *      may be used to endorse or promote products derived from this software
  42:/home/paulo/Alexandria/STM32Cube_FW_F4_V1.23.0/Drivers/STM32F4xx_HAL_Driver/Src/stm32f4xx_hal_i2c_ex.c ****   *      without specific prior written permission.
  43:/home/paulo/Alexandria/STM32Cube_FW_F4_V1.23.0/Drivers/STM32F4xx_HAL_Driver/Src/stm32f4xx_hal_i2c_ex.c ****   *
  44:/home/paulo/Alexandria/STM32Cube_FW_F4_V1.23.0/Drivers/STM32F4xx_HAL_Driver/Src/stm32f4xx_hal_i2c_ex.c ****   * THIS SOFTWARE IS PROVIDED BY THE COPYRIGHT HOLDERS AND CONTRIBUTORS "AS IS"
  45:/home/paulo/Alexandria/STM32Cube_FW_F4_V1.23.0/Drivers/STM32F4xx_HAL_Driver/Src/stm32f4xx_hal_i2c_ex.c ****   * AND ANY EXPRESS OR IMPLIED WARRANTIES, INCLUDING, BUT NOT LIMITED TO, THE
  46:/home/paulo/Alexandria/STM32Cube_FW_F4_V1.23.0/Drivers/STM32F4xx_HAL_Driver/Src/stm32f4xx_hal_i2c_ex.c ****   * IMPLIED WARRANTIES OF MERCHANTABILITY AND FITNESS FOR A PARTICULAR PURPOSE ARE
  47:/home/paulo/Alexandria/STM32Cube_FW_F4_V1.23.0/Drivers/STM32F4xx_HAL_Driver/Src/stm32f4xx_hal_i2c_ex.c ****   * DISCLAIMED. IN NO EVENT SHALL THE COPYRIGHT HOLDER OR CONTRIBUTORS BE LIABLE
  48:/home/paulo/Alexandria/STM32Cube_FW_F4_V1.23.0/Drivers/STM32F4xx_HAL_Driver/Src/stm32f4xx_hal_i2c_ex.c ****   * FOR ANY DIRECT, INDIRECT, INCIDENTAL, SPECIAL, EXEMPLARY, OR CONSEQUENTIAL
  49:/home/paulo/Alexandria/STM32Cube_FW_F4_V1.23.0/Drivers/STM32F4xx_HAL_Driver/Src/stm32f4xx_hal_i2c_ex.c ****   * DAMAGES (INCLUDING, BUT NOT LIMITED TO, PROCUREMENT OF SUBSTITUTE GOODS OR
  50:/home/paulo/Alexandria/STM32Cube_FW_F4_V1.23.0/Drivers/STM32F4xx_HAL_Driver/Src/stm32f4xx_hal_i2c_ex.c ****   * SERVICES; LOSS OF USE, DATA, OR PROFITS; OR BUSINESS INTERRUPTION) HOWEVER
  51:/home/paulo/Alexandria/STM32Cube_FW_F4_V1.23.0/Drivers/STM32F4xx_HAL_Driver/Src/stm32f4xx_hal_i2c_ex.c ****   * CAUSED AND ON ANY THEORY OF LIABILITY, WHETHER IN CONTRACT, STRICT LIABILITY,
  52:/home/paulo/Alexandria/STM32Cube_FW_F4_V1.23.0/Drivers/STM32F4xx_HAL_Driver/Src/stm32f4xx_hal_i2c_ex.c ****   * OR TORT (INCLUDING NEGLIGENCE OR OTHERWISE) ARISING IN ANY WAY OUT OF THE USE
  53:/home/paulo/Alexandria/STM32Cube_FW_F4_V1.23.0/Drivers/STM32F4xx_HAL_Driver/Src/stm32f4xx_hal_i2c_ex.c ****   * OF THIS SOFTWARE, EVEN IF ADVISED OF THE POSSIBILITY OF SUCH DAMAGE.
  54:/home/paulo/Alexandria/STM32Cube_FW_F4_V1.23.0/Drivers/STM32F4xx_HAL_Driver/Src/stm32f4xx_hal_i2c_ex.c ****   *
  55:/home/paulo/Alexandria/STM32Cube_FW_F4_V1.23.0/Drivers/STM32F4xx_HAL_Driver/Src/stm32f4xx_hal_i2c_ex.c ****   ******************************************************************************
  56:/home/paulo/Alexandria/STM32Cube_FW_F4_V1.23.0/Drivers/STM32F4xx_HAL_Driver/Src/stm32f4xx_hal_i2c_ex.c ****   */ 
  57:/home/paulo/Alexandria/STM32Cube_FW_F4_V1.23.0/Drivers/STM32F4xx_HAL_Driver/Src/stm32f4xx_hal_i2c_ex.c **** 
  58:/home/paulo/Alexandria/STM32Cube_FW_F4_V1.23.0/Drivers/STM32F4xx_HAL_Driver/Src/stm32f4xx_hal_i2c_ex.c **** /* Includes ------------------------------------------------------------------*/
  59:/home/paulo/Alexandria/STM32Cube_FW_F4_V1.23.0/Drivers/STM32F4xx_HAL_Driver/Src/stm32f4xx_hal_i2c_ex.c **** #include "stm32f4xx_hal.h"
  60:/home/paulo/Alexandria/STM32Cube_FW_F4_V1.23.0/Drivers/STM32F4xx_HAL_Driver/Src/stm32f4xx_hal_i2c_ex.c **** 
  61:/home/paulo/Alexandria/STM32Cube_FW_F4_V1.23.0/Drivers/STM32F4xx_HAL_Driver/Src/stm32f4xx_hal_i2c_ex.c **** /** @addtogroup STM32F4xx_HAL_Driver
  62:/home/paulo/Alexandria/STM32Cube_FW_F4_V1.23.0/Drivers/STM32F4xx_HAL_Driver/Src/stm32f4xx_hal_i2c_ex.c ****   * @{
  63:/home/paulo/Alexandria/STM32Cube_FW_F4_V1.23.0/Drivers/STM32F4xx_HAL_Driver/Src/stm32f4xx_hal_i2c_ex.c ****   */
  64:/home/paulo/Alexandria/STM32Cube_FW_F4_V1.23.0/Drivers/STM32F4xx_HAL_Driver/Src/stm32f4xx_hal_i2c_ex.c **** 
  65:/home/paulo/Alexandria/STM32Cube_FW_F4_V1.23.0/Drivers/STM32F4xx_HAL_Driver/Src/stm32f4xx_hal_i2c_ex.c **** /** @defgroup I2CEx I2CEx
  66:/home/paulo/Alexandria/STM32Cube_FW_F4_V1.23.0/Drivers/STM32F4xx_HAL_Driver/Src/stm32f4xx_hal_i2c_ex.c ****   * @brief I2C HAL module driver
  67:/home/paulo/Alexandria/STM32Cube_FW_F4_V1.23.0/Drivers/STM32F4xx_HAL_Driver/Src/stm32f4xx_hal_i2c_ex.c ****   * @{
  68:/home/paulo/Alexandria/STM32Cube_FW_F4_V1.23.0/Drivers/STM32F4xx_HAL_Driver/Src/stm32f4xx_hal_i2c_ex.c ****   */
  69:/home/paulo/Alexandria/STM32Cube_FW_F4_V1.23.0/Drivers/STM32F4xx_HAL_Driver/Src/stm32f4xx_hal_i2c_ex.c **** 
  70:/home/paulo/Alexandria/STM32Cube_FW_F4_V1.23.0/Drivers/STM32F4xx_HAL_Driver/Src/stm32f4xx_hal_i2c_ex.c **** #ifdef HAL_I2C_MODULE_ENABLED
  71:/home/paulo/Alexandria/STM32Cube_FW_F4_V1.23.0/Drivers/STM32F4xx_HAL_Driver/Src/stm32f4xx_hal_i2c_ex.c **** 
  72:/home/paulo/Alexandria/STM32Cube_FW_F4_V1.23.0/Drivers/STM32F4xx_HAL_Driver/Src/stm32f4xx_hal_i2c_ex.c **** #if defined(STM32F427xx) || defined(STM32F437xx) || defined(STM32F429xx) || defined(STM32F439xx) ||
  73:/home/paulo/Alexandria/STM32Cube_FW_F4_V1.23.0/Drivers/STM32F4xx_HAL_Driver/Src/stm32f4xx_hal_i2c_ex.c ****     defined(STM32F401xC) || defined(STM32F401xE) || defined(STM32F411xE) || defined(STM32F446xx) ||
  74:/home/paulo/Alexandria/STM32Cube_FW_F4_V1.23.0/Drivers/STM32F4xx_HAL_Driver/Src/stm32f4xx_hal_i2c_ex.c ****     defined(STM32F469xx) || defined(STM32F479xx) || defined(STM32F413xx) || defined(STM32F423xx)
  75:/home/paulo/Alexandria/STM32Cube_FW_F4_V1.23.0/Drivers/STM32F4xx_HAL_Driver/Src/stm32f4xx_hal_i2c_ex.c **** /* Private typedef -----------------------------------------------------------*/
  76:/home/paulo/Alexandria/STM32Cube_FW_F4_V1.23.0/Drivers/STM32F4xx_HAL_Driver/Src/stm32f4xx_hal_i2c_ex.c **** /* Private define ------------------------------------------------------------*/
  77:/home/paulo/Alexandria/STM32Cube_FW_F4_V1.23.0/Drivers/STM32F4xx_HAL_Driver/Src/stm32f4xx_hal_i2c_ex.c **** /* Private macro -------------------------------------------------------------*/
  78:/home/paulo/Alexandria/STM32Cube_FW_F4_V1.23.0/Drivers/STM32F4xx_HAL_Driver/Src/stm32f4xx_hal_i2c_ex.c **** /* Private variables ---------------------------------------------------------*/
  79:/home/paulo/Alexandria/STM32Cube_FW_F4_V1.23.0/Drivers/STM32F4xx_HAL_Driver/Src/stm32f4xx_hal_i2c_ex.c **** /* Private function prototypes -----------------------------------------------*/
  80:/home/paulo/Alexandria/STM32Cube_FW_F4_V1.23.0/Drivers/STM32F4xx_HAL_Driver/Src/stm32f4xx_hal_i2c_ex.c **** /* Exported functions --------------------------------------------------------*/
  81:/home/paulo/Alexandria/STM32Cube_FW_F4_V1.23.0/Drivers/STM32F4xx_HAL_Driver/Src/stm32f4xx_hal_i2c_ex.c **** /** @defgroup I2CEx_Exported_Functions I2C Exported Functions
  82:/home/paulo/Alexandria/STM32Cube_FW_F4_V1.23.0/Drivers/STM32F4xx_HAL_Driver/Src/stm32f4xx_hal_i2c_ex.c ****   * @{
  83:/home/paulo/Alexandria/STM32Cube_FW_F4_V1.23.0/Drivers/STM32F4xx_HAL_Driver/Src/stm32f4xx_hal_i2c_ex.c ****   */
  84:/home/paulo/Alexandria/STM32Cube_FW_F4_V1.23.0/Drivers/STM32F4xx_HAL_Driver/Src/stm32f4xx_hal_i2c_ex.c **** 
  85:/home/paulo/Alexandria/STM32Cube_FW_F4_V1.23.0/Drivers/STM32F4xx_HAL_Driver/Src/stm32f4xx_hal_i2c_ex.c **** 
  86:/home/paulo/Alexandria/STM32Cube_FW_F4_V1.23.0/Drivers/STM32F4xx_HAL_Driver/Src/stm32f4xx_hal_i2c_ex.c **** /** @defgroup I2CEx_Exported_Functions_Group1 Extension features functions 
ARM GAS  /tmp/cc0EuGnU.s 			page 3


  87:/home/paulo/Alexandria/STM32Cube_FW_F4_V1.23.0/Drivers/STM32F4xx_HAL_Driver/Src/stm32f4xx_hal_i2c_ex.c ****  *  @brief   Extension features functions 
  88:/home/paulo/Alexandria/STM32Cube_FW_F4_V1.23.0/Drivers/STM32F4xx_HAL_Driver/Src/stm32f4xx_hal_i2c_ex.c ****  *
  89:/home/paulo/Alexandria/STM32Cube_FW_F4_V1.23.0/Drivers/STM32F4xx_HAL_Driver/Src/stm32f4xx_hal_i2c_ex.c **** @verbatim   
  90:/home/paulo/Alexandria/STM32Cube_FW_F4_V1.23.0/Drivers/STM32F4xx_HAL_Driver/Src/stm32f4xx_hal_i2c_ex.c ****  ===============================================================================
  91:/home/paulo/Alexandria/STM32Cube_FW_F4_V1.23.0/Drivers/STM32F4xx_HAL_Driver/Src/stm32f4xx_hal_i2c_ex.c ****                       ##### Extension features functions #####
  92:/home/paulo/Alexandria/STM32Cube_FW_F4_V1.23.0/Drivers/STM32F4xx_HAL_Driver/Src/stm32f4xx_hal_i2c_ex.c ****  ===============================================================================  
  93:/home/paulo/Alexandria/STM32Cube_FW_F4_V1.23.0/Drivers/STM32F4xx_HAL_Driver/Src/stm32f4xx_hal_i2c_ex.c ****     [..] This section provides functions allowing to:
  94:/home/paulo/Alexandria/STM32Cube_FW_F4_V1.23.0/Drivers/STM32F4xx_HAL_Driver/Src/stm32f4xx_hal_i2c_ex.c ****       (+) Configure Noise Filters 
  95:/home/paulo/Alexandria/STM32Cube_FW_F4_V1.23.0/Drivers/STM32F4xx_HAL_Driver/Src/stm32f4xx_hal_i2c_ex.c **** 
  96:/home/paulo/Alexandria/STM32Cube_FW_F4_V1.23.0/Drivers/STM32F4xx_HAL_Driver/Src/stm32f4xx_hal_i2c_ex.c **** @endverbatim
  97:/home/paulo/Alexandria/STM32Cube_FW_F4_V1.23.0/Drivers/STM32F4xx_HAL_Driver/Src/stm32f4xx_hal_i2c_ex.c ****   * @{
  98:/home/paulo/Alexandria/STM32Cube_FW_F4_V1.23.0/Drivers/STM32F4xx_HAL_Driver/Src/stm32f4xx_hal_i2c_ex.c ****   */
  99:/home/paulo/Alexandria/STM32Cube_FW_F4_V1.23.0/Drivers/STM32F4xx_HAL_Driver/Src/stm32f4xx_hal_i2c_ex.c ****   
 100:/home/paulo/Alexandria/STM32Cube_FW_F4_V1.23.0/Drivers/STM32F4xx_HAL_Driver/Src/stm32f4xx_hal_i2c_ex.c **** /**
 101:/home/paulo/Alexandria/STM32Cube_FW_F4_V1.23.0/Drivers/STM32F4xx_HAL_Driver/Src/stm32f4xx_hal_i2c_ex.c ****   * @brief  Configures I2C Analog noise filter. 
 102:/home/paulo/Alexandria/STM32Cube_FW_F4_V1.23.0/Drivers/STM32F4xx_HAL_Driver/Src/stm32f4xx_hal_i2c_ex.c ****   * @param  hi2c pointer to a I2C_HandleTypeDef structure that contains
 103:/home/paulo/Alexandria/STM32Cube_FW_F4_V1.23.0/Drivers/STM32F4xx_HAL_Driver/Src/stm32f4xx_hal_i2c_ex.c ****   *                the configuration information for the specified I2Cx peripheral.
 104:/home/paulo/Alexandria/STM32Cube_FW_F4_V1.23.0/Drivers/STM32F4xx_HAL_Driver/Src/stm32f4xx_hal_i2c_ex.c ****   * @param  AnalogFilter new state of the Analog filter.
 105:/home/paulo/Alexandria/STM32Cube_FW_F4_V1.23.0/Drivers/STM32F4xx_HAL_Driver/Src/stm32f4xx_hal_i2c_ex.c ****   * @retval HAL status
 106:/home/paulo/Alexandria/STM32Cube_FW_F4_V1.23.0/Drivers/STM32F4xx_HAL_Driver/Src/stm32f4xx_hal_i2c_ex.c ****   */
 107:/home/paulo/Alexandria/STM32Cube_FW_F4_V1.23.0/Drivers/STM32F4xx_HAL_Driver/Src/stm32f4xx_hal_i2c_ex.c **** HAL_StatusTypeDef HAL_I2CEx_ConfigAnalogFilter(I2C_HandleTypeDef *hi2c, uint32_t AnalogFilter)
 108:/home/paulo/Alexandria/STM32Cube_FW_F4_V1.23.0/Drivers/STM32F4xx_HAL_Driver/Src/stm32f4xx_hal_i2c_ex.c **** {
  30              		.loc 1 108 1 view -0
  31              		.cfi_startproc
  32              		@ args = 0, pretend = 0, frame = 0
  33              		@ frame_needed = 0, uses_anonymous_args = 0
  34              		@ link register save eliminated.
 109:/home/paulo/Alexandria/STM32Cube_FW_F4_V1.23.0/Drivers/STM32F4xx_HAL_Driver/Src/stm32f4xx_hal_i2c_ex.c ****   /* Check the parameters */
 110:/home/paulo/Alexandria/STM32Cube_FW_F4_V1.23.0/Drivers/STM32F4xx_HAL_Driver/Src/stm32f4xx_hal_i2c_ex.c ****   assert_param(IS_I2C_ALL_INSTANCE(hi2c->Instance));
  35              		.loc 1 110 3 view .LVU1
 111:/home/paulo/Alexandria/STM32Cube_FW_F4_V1.23.0/Drivers/STM32F4xx_HAL_Driver/Src/stm32f4xx_hal_i2c_ex.c ****   assert_param(IS_I2C_ANALOG_FILTER(AnalogFilter));
  36              		.loc 1 111 3 view .LVU2
 112:/home/paulo/Alexandria/STM32Cube_FW_F4_V1.23.0/Drivers/STM32F4xx_HAL_Driver/Src/stm32f4xx_hal_i2c_ex.c ****   
 113:/home/paulo/Alexandria/STM32Cube_FW_F4_V1.23.0/Drivers/STM32F4xx_HAL_Driver/Src/stm32f4xx_hal_i2c_ex.c ****   if(hi2c->State == HAL_I2C_STATE_READY)
  37              		.loc 1 113 3 view .LVU3
  38              		.loc 1 113 10 is_stmt 0 view .LVU4
  39 0000 90F83D30 		ldrb	r3, [r0, #61]	@ zero_extendqisi2
  40 0004 DBB2     		uxtb	r3, r3
  41              		.loc 1 113 5 view .LVU5
  42 0006 202B     		cmp	r3, #32
  43 0008 01D0     		beq	.L4
 114:/home/paulo/Alexandria/STM32Cube_FW_F4_V1.23.0/Drivers/STM32F4xx_HAL_Driver/Src/stm32f4xx_hal_i2c_ex.c ****   {
 115:/home/paulo/Alexandria/STM32Cube_FW_F4_V1.23.0/Drivers/STM32F4xx_HAL_Driver/Src/stm32f4xx_hal_i2c_ex.c ****     hi2c->State = HAL_I2C_STATE_BUSY;
 116:/home/paulo/Alexandria/STM32Cube_FW_F4_V1.23.0/Drivers/STM32F4xx_HAL_Driver/Src/stm32f4xx_hal_i2c_ex.c **** 
 117:/home/paulo/Alexandria/STM32Cube_FW_F4_V1.23.0/Drivers/STM32F4xx_HAL_Driver/Src/stm32f4xx_hal_i2c_ex.c ****     /* Disable the selected I2C peripheral */
 118:/home/paulo/Alexandria/STM32Cube_FW_F4_V1.23.0/Drivers/STM32F4xx_HAL_Driver/Src/stm32f4xx_hal_i2c_ex.c ****     __HAL_I2C_DISABLE(hi2c);    
 119:/home/paulo/Alexandria/STM32Cube_FW_F4_V1.23.0/Drivers/STM32F4xx_HAL_Driver/Src/stm32f4xx_hal_i2c_ex.c **** 
 120:/home/paulo/Alexandria/STM32Cube_FW_F4_V1.23.0/Drivers/STM32F4xx_HAL_Driver/Src/stm32f4xx_hal_i2c_ex.c ****     /* Reset I2Cx ANOFF bit */
 121:/home/paulo/Alexandria/STM32Cube_FW_F4_V1.23.0/Drivers/STM32F4xx_HAL_Driver/Src/stm32f4xx_hal_i2c_ex.c ****     hi2c->Instance->FLTR &= ~(I2C_FLTR_ANOFF);
 122:/home/paulo/Alexandria/STM32Cube_FW_F4_V1.23.0/Drivers/STM32F4xx_HAL_Driver/Src/stm32f4xx_hal_i2c_ex.c **** 
 123:/home/paulo/Alexandria/STM32Cube_FW_F4_V1.23.0/Drivers/STM32F4xx_HAL_Driver/Src/stm32f4xx_hal_i2c_ex.c ****     /* Disable the analog filter */
 124:/home/paulo/Alexandria/STM32Cube_FW_F4_V1.23.0/Drivers/STM32F4xx_HAL_Driver/Src/stm32f4xx_hal_i2c_ex.c ****     hi2c->Instance->FLTR |= AnalogFilter;
 125:/home/paulo/Alexandria/STM32Cube_FW_F4_V1.23.0/Drivers/STM32F4xx_HAL_Driver/Src/stm32f4xx_hal_i2c_ex.c **** 
 126:/home/paulo/Alexandria/STM32Cube_FW_F4_V1.23.0/Drivers/STM32F4xx_HAL_Driver/Src/stm32f4xx_hal_i2c_ex.c ****     __HAL_I2C_ENABLE(hi2c); 
 127:/home/paulo/Alexandria/STM32Cube_FW_F4_V1.23.0/Drivers/STM32F4xx_HAL_Driver/Src/stm32f4xx_hal_i2c_ex.c **** 
 128:/home/paulo/Alexandria/STM32Cube_FW_F4_V1.23.0/Drivers/STM32F4xx_HAL_Driver/Src/stm32f4xx_hal_i2c_ex.c ****     hi2c->State = HAL_I2C_STATE_READY;
 129:/home/paulo/Alexandria/STM32Cube_FW_F4_V1.23.0/Drivers/STM32F4xx_HAL_Driver/Src/stm32f4xx_hal_i2c_ex.c **** 
ARM GAS  /tmp/cc0EuGnU.s 			page 4


 130:/home/paulo/Alexandria/STM32Cube_FW_F4_V1.23.0/Drivers/STM32F4xx_HAL_Driver/Src/stm32f4xx_hal_i2c_ex.c ****     return HAL_OK;
 131:/home/paulo/Alexandria/STM32Cube_FW_F4_V1.23.0/Drivers/STM32F4xx_HAL_Driver/Src/stm32f4xx_hal_i2c_ex.c ****   }
 132:/home/paulo/Alexandria/STM32Cube_FW_F4_V1.23.0/Drivers/STM32F4xx_HAL_Driver/Src/stm32f4xx_hal_i2c_ex.c ****   else
 133:/home/paulo/Alexandria/STM32Cube_FW_F4_V1.23.0/Drivers/STM32F4xx_HAL_Driver/Src/stm32f4xx_hal_i2c_ex.c ****   {
 134:/home/paulo/Alexandria/STM32Cube_FW_F4_V1.23.0/Drivers/STM32F4xx_HAL_Driver/Src/stm32f4xx_hal_i2c_ex.c ****     return HAL_BUSY;
  44              		.loc 1 134 12 view .LVU6
  45 000a 0220     		movs	r0, #2
  46              	.LVL1:
 135:/home/paulo/Alexandria/STM32Cube_FW_F4_V1.23.0/Drivers/STM32F4xx_HAL_Driver/Src/stm32f4xx_hal_i2c_ex.c ****   }
 136:/home/paulo/Alexandria/STM32Cube_FW_F4_V1.23.0/Drivers/STM32F4xx_HAL_Driver/Src/stm32f4xx_hal_i2c_ex.c **** }
  47              		.loc 1 136 1 view .LVU7
  48 000c 7047     		bx	lr
  49              	.LVL2:
  50              	.L4:
 115:/home/paulo/Alexandria/STM32Cube_FW_F4_V1.23.0/Drivers/STM32F4xx_HAL_Driver/Src/stm32f4xx_hal_i2c_ex.c **** 
  51              		.loc 1 115 5 is_stmt 1 view .LVU8
 115:/home/paulo/Alexandria/STM32Cube_FW_F4_V1.23.0/Drivers/STM32F4xx_HAL_Driver/Src/stm32f4xx_hal_i2c_ex.c **** 
  52              		.loc 1 115 17 is_stmt 0 view .LVU9
  53 000e 2423     		movs	r3, #36
  54 0010 80F83D30 		strb	r3, [r0, #61]
 118:/home/paulo/Alexandria/STM32Cube_FW_F4_V1.23.0/Drivers/STM32F4xx_HAL_Driver/Src/stm32f4xx_hal_i2c_ex.c **** 
  55              		.loc 1 118 5 is_stmt 1 view .LVU10
  56 0014 0368     		ldr	r3, [r0]
  57 0016 1A68     		ldr	r2, [r3]
  58 0018 22F00102 		bic	r2, r2, #1
  59 001c 1A60     		str	r2, [r3]
 121:/home/paulo/Alexandria/STM32Cube_FW_F4_V1.23.0/Drivers/STM32F4xx_HAL_Driver/Src/stm32f4xx_hal_i2c_ex.c **** 
  60              		.loc 1 121 5 view .LVU11
 121:/home/paulo/Alexandria/STM32Cube_FW_F4_V1.23.0/Drivers/STM32F4xx_HAL_Driver/Src/stm32f4xx_hal_i2c_ex.c **** 
  61              		.loc 1 121 9 is_stmt 0 view .LVU12
  62 001e 0368     		ldr	r3, [r0]
 121:/home/paulo/Alexandria/STM32Cube_FW_F4_V1.23.0/Drivers/STM32F4xx_HAL_Driver/Src/stm32f4xx_hal_i2c_ex.c **** 
  63              		.loc 1 121 26 view .LVU13
  64 0020 5A6A     		ldr	r2, [r3, #36]
  65 0022 22F01002 		bic	r2, r2, #16
  66 0026 5A62     		str	r2, [r3, #36]
 124:/home/paulo/Alexandria/STM32Cube_FW_F4_V1.23.0/Drivers/STM32F4xx_HAL_Driver/Src/stm32f4xx_hal_i2c_ex.c **** 
  67              		.loc 1 124 5 is_stmt 1 view .LVU14
 124:/home/paulo/Alexandria/STM32Cube_FW_F4_V1.23.0/Drivers/STM32F4xx_HAL_Driver/Src/stm32f4xx_hal_i2c_ex.c **** 
  68              		.loc 1 124 9 is_stmt 0 view .LVU15
  69 0028 0268     		ldr	r2, [r0]
 124:/home/paulo/Alexandria/STM32Cube_FW_F4_V1.23.0/Drivers/STM32F4xx_HAL_Driver/Src/stm32f4xx_hal_i2c_ex.c **** 
  70              		.loc 1 124 26 view .LVU16
  71 002a 536A     		ldr	r3, [r2, #36]
  72 002c 0B43     		orrs	r3, r3, r1
  73 002e 5362     		str	r3, [r2, #36]
 126:/home/paulo/Alexandria/STM32Cube_FW_F4_V1.23.0/Drivers/STM32F4xx_HAL_Driver/Src/stm32f4xx_hal_i2c_ex.c **** 
  74              		.loc 1 126 5 is_stmt 1 view .LVU17
  75 0030 0268     		ldr	r2, [r0]
  76 0032 1368     		ldr	r3, [r2]
  77 0034 43F00103 		orr	r3, r3, #1
  78 0038 1360     		str	r3, [r2]
 128:/home/paulo/Alexandria/STM32Cube_FW_F4_V1.23.0/Drivers/STM32F4xx_HAL_Driver/Src/stm32f4xx_hal_i2c_ex.c **** 
  79              		.loc 1 128 5 view .LVU18
 128:/home/paulo/Alexandria/STM32Cube_FW_F4_V1.23.0/Drivers/STM32F4xx_HAL_Driver/Src/stm32f4xx_hal_i2c_ex.c **** 
  80              		.loc 1 128 17 is_stmt 0 view .LVU19
  81 003a 2023     		movs	r3, #32
ARM GAS  /tmp/cc0EuGnU.s 			page 5


  82 003c 80F83D30 		strb	r3, [r0, #61]
 130:/home/paulo/Alexandria/STM32Cube_FW_F4_V1.23.0/Drivers/STM32F4xx_HAL_Driver/Src/stm32f4xx_hal_i2c_ex.c ****   }
  83              		.loc 1 130 5 is_stmt 1 view .LVU20
 130:/home/paulo/Alexandria/STM32Cube_FW_F4_V1.23.0/Drivers/STM32F4xx_HAL_Driver/Src/stm32f4xx_hal_i2c_ex.c ****   }
  84              		.loc 1 130 12 is_stmt 0 view .LVU21
  85 0040 0020     		movs	r0, #0
  86              	.LVL3:
 130:/home/paulo/Alexandria/STM32Cube_FW_F4_V1.23.0/Drivers/STM32F4xx_HAL_Driver/Src/stm32f4xx_hal_i2c_ex.c ****   }
  87              		.loc 1 130 12 view .LVU22
  88 0042 7047     		bx	lr
  89              		.cfi_endproc
  90              	.LFE126:
  92              		.section	.text.HAL_I2CEx_ConfigDigitalFilter,"ax",%progbits
  93              		.align	1
  94              		.global	HAL_I2CEx_ConfigDigitalFilter
  95              		.syntax unified
  96              		.thumb
  97              		.thumb_func
  98              		.fpu fpv4-sp-d16
 100              	HAL_I2CEx_ConfigDigitalFilter:
 101              	.LVL4:
 102              	.LFB127:
 137:/home/paulo/Alexandria/STM32Cube_FW_F4_V1.23.0/Drivers/STM32F4xx_HAL_Driver/Src/stm32f4xx_hal_i2c_ex.c **** 
 138:/home/paulo/Alexandria/STM32Cube_FW_F4_V1.23.0/Drivers/STM32F4xx_HAL_Driver/Src/stm32f4xx_hal_i2c_ex.c **** /**
 139:/home/paulo/Alexandria/STM32Cube_FW_F4_V1.23.0/Drivers/STM32F4xx_HAL_Driver/Src/stm32f4xx_hal_i2c_ex.c ****   * @brief  Configures I2C Digital noise filter. 
 140:/home/paulo/Alexandria/STM32Cube_FW_F4_V1.23.0/Drivers/STM32F4xx_HAL_Driver/Src/stm32f4xx_hal_i2c_ex.c ****   * @param  hi2c pointer to a I2C_HandleTypeDef structure that contains
 141:/home/paulo/Alexandria/STM32Cube_FW_F4_V1.23.0/Drivers/STM32F4xx_HAL_Driver/Src/stm32f4xx_hal_i2c_ex.c ****   *                the configuration information for the specified I2Cx peripheral.
 142:/home/paulo/Alexandria/STM32Cube_FW_F4_V1.23.0/Drivers/STM32F4xx_HAL_Driver/Src/stm32f4xx_hal_i2c_ex.c ****   * @param  DigitalFilter Coefficient of digital noise filter between 0x00 and 0x0F.
 143:/home/paulo/Alexandria/STM32Cube_FW_F4_V1.23.0/Drivers/STM32F4xx_HAL_Driver/Src/stm32f4xx_hal_i2c_ex.c ****   * @retval HAL status
 144:/home/paulo/Alexandria/STM32Cube_FW_F4_V1.23.0/Drivers/STM32F4xx_HAL_Driver/Src/stm32f4xx_hal_i2c_ex.c ****   */
 145:/home/paulo/Alexandria/STM32Cube_FW_F4_V1.23.0/Drivers/STM32F4xx_HAL_Driver/Src/stm32f4xx_hal_i2c_ex.c **** HAL_StatusTypeDef HAL_I2CEx_ConfigDigitalFilter(I2C_HandleTypeDef *hi2c, uint32_t DigitalFilter)
 146:/home/paulo/Alexandria/STM32Cube_FW_F4_V1.23.0/Drivers/STM32F4xx_HAL_Driver/Src/stm32f4xx_hal_i2c_ex.c **** {
 103              		.loc 1 146 1 is_stmt 1 view -0
 104              		.cfi_startproc
 105              		@ args = 0, pretend = 0, frame = 0
 106              		@ frame_needed = 0, uses_anonymous_args = 0
 107              		@ link register save eliminated.
 147:/home/paulo/Alexandria/STM32Cube_FW_F4_V1.23.0/Drivers/STM32F4xx_HAL_Driver/Src/stm32f4xx_hal_i2c_ex.c ****   uint16_t tmpreg = 0;
 108              		.loc 1 147 3 view .LVU24
 148:/home/paulo/Alexandria/STM32Cube_FW_F4_V1.23.0/Drivers/STM32F4xx_HAL_Driver/Src/stm32f4xx_hal_i2c_ex.c **** 
 149:/home/paulo/Alexandria/STM32Cube_FW_F4_V1.23.0/Drivers/STM32F4xx_HAL_Driver/Src/stm32f4xx_hal_i2c_ex.c ****   /* Check the parameters */
 150:/home/paulo/Alexandria/STM32Cube_FW_F4_V1.23.0/Drivers/STM32F4xx_HAL_Driver/Src/stm32f4xx_hal_i2c_ex.c ****   assert_param(IS_I2C_ALL_INSTANCE(hi2c->Instance));
 109              		.loc 1 150 3 view .LVU25
 151:/home/paulo/Alexandria/STM32Cube_FW_F4_V1.23.0/Drivers/STM32F4xx_HAL_Driver/Src/stm32f4xx_hal_i2c_ex.c ****   assert_param(IS_I2C_DIGITAL_FILTER(DigitalFilter));
 110              		.loc 1 151 3 view .LVU26
 152:/home/paulo/Alexandria/STM32Cube_FW_F4_V1.23.0/Drivers/STM32F4xx_HAL_Driver/Src/stm32f4xx_hal_i2c_ex.c ****   
 153:/home/paulo/Alexandria/STM32Cube_FW_F4_V1.23.0/Drivers/STM32F4xx_HAL_Driver/Src/stm32f4xx_hal_i2c_ex.c ****   if(hi2c->State == HAL_I2C_STATE_READY)
 111              		.loc 1 153 3 view .LVU27
 112              		.loc 1 153 10 is_stmt 0 view .LVU28
 113 0000 90F83D20 		ldrb	r2, [r0, #61]	@ zero_extendqisi2
 114 0004 D2B2     		uxtb	r2, r2
 115              		.loc 1 153 5 view .LVU29
 116 0006 202A     		cmp	r2, #32
 117 0008 01D0     		beq	.L8
 154:/home/paulo/Alexandria/STM32Cube_FW_F4_V1.23.0/Drivers/STM32F4xx_HAL_Driver/Src/stm32f4xx_hal_i2c_ex.c ****   {
 155:/home/paulo/Alexandria/STM32Cube_FW_F4_V1.23.0/Drivers/STM32F4xx_HAL_Driver/Src/stm32f4xx_hal_i2c_ex.c ****     hi2c->State = HAL_I2C_STATE_BUSY;
 156:/home/paulo/Alexandria/STM32Cube_FW_F4_V1.23.0/Drivers/STM32F4xx_HAL_Driver/Src/stm32f4xx_hal_i2c_ex.c ****     
ARM GAS  /tmp/cc0EuGnU.s 			page 6


 157:/home/paulo/Alexandria/STM32Cube_FW_F4_V1.23.0/Drivers/STM32F4xx_HAL_Driver/Src/stm32f4xx_hal_i2c_ex.c ****     /* Disable the selected I2C peripheral */
 158:/home/paulo/Alexandria/STM32Cube_FW_F4_V1.23.0/Drivers/STM32F4xx_HAL_Driver/Src/stm32f4xx_hal_i2c_ex.c ****     __HAL_I2C_DISABLE(hi2c);  
 159:/home/paulo/Alexandria/STM32Cube_FW_F4_V1.23.0/Drivers/STM32F4xx_HAL_Driver/Src/stm32f4xx_hal_i2c_ex.c ****     
 160:/home/paulo/Alexandria/STM32Cube_FW_F4_V1.23.0/Drivers/STM32F4xx_HAL_Driver/Src/stm32f4xx_hal_i2c_ex.c ****     /* Get the old register value */
 161:/home/paulo/Alexandria/STM32Cube_FW_F4_V1.23.0/Drivers/STM32F4xx_HAL_Driver/Src/stm32f4xx_hal_i2c_ex.c ****     tmpreg = hi2c->Instance->FLTR;
 162:/home/paulo/Alexandria/STM32Cube_FW_F4_V1.23.0/Drivers/STM32F4xx_HAL_Driver/Src/stm32f4xx_hal_i2c_ex.c ****     
 163:/home/paulo/Alexandria/STM32Cube_FW_F4_V1.23.0/Drivers/STM32F4xx_HAL_Driver/Src/stm32f4xx_hal_i2c_ex.c ****     /* Reset I2Cx DNF bit [3:0] */
 164:/home/paulo/Alexandria/STM32Cube_FW_F4_V1.23.0/Drivers/STM32F4xx_HAL_Driver/Src/stm32f4xx_hal_i2c_ex.c ****     tmpreg &= ~(I2C_FLTR_DNF);
 165:/home/paulo/Alexandria/STM32Cube_FW_F4_V1.23.0/Drivers/STM32F4xx_HAL_Driver/Src/stm32f4xx_hal_i2c_ex.c ****     
 166:/home/paulo/Alexandria/STM32Cube_FW_F4_V1.23.0/Drivers/STM32F4xx_HAL_Driver/Src/stm32f4xx_hal_i2c_ex.c ****     /* Set I2Cx DNF coefficient */
 167:/home/paulo/Alexandria/STM32Cube_FW_F4_V1.23.0/Drivers/STM32F4xx_HAL_Driver/Src/stm32f4xx_hal_i2c_ex.c ****     tmpreg |= DigitalFilter;
 168:/home/paulo/Alexandria/STM32Cube_FW_F4_V1.23.0/Drivers/STM32F4xx_HAL_Driver/Src/stm32f4xx_hal_i2c_ex.c ****     
 169:/home/paulo/Alexandria/STM32Cube_FW_F4_V1.23.0/Drivers/STM32F4xx_HAL_Driver/Src/stm32f4xx_hal_i2c_ex.c ****     /* Store the new register value */
 170:/home/paulo/Alexandria/STM32Cube_FW_F4_V1.23.0/Drivers/STM32F4xx_HAL_Driver/Src/stm32f4xx_hal_i2c_ex.c ****     hi2c->Instance->FLTR = tmpreg;
 171:/home/paulo/Alexandria/STM32Cube_FW_F4_V1.23.0/Drivers/STM32F4xx_HAL_Driver/Src/stm32f4xx_hal_i2c_ex.c ****     
 172:/home/paulo/Alexandria/STM32Cube_FW_F4_V1.23.0/Drivers/STM32F4xx_HAL_Driver/Src/stm32f4xx_hal_i2c_ex.c ****     __HAL_I2C_ENABLE(hi2c); 
 173:/home/paulo/Alexandria/STM32Cube_FW_F4_V1.23.0/Drivers/STM32F4xx_HAL_Driver/Src/stm32f4xx_hal_i2c_ex.c ****     
 174:/home/paulo/Alexandria/STM32Cube_FW_F4_V1.23.0/Drivers/STM32F4xx_HAL_Driver/Src/stm32f4xx_hal_i2c_ex.c ****     hi2c->State = HAL_I2C_STATE_READY;
 175:/home/paulo/Alexandria/STM32Cube_FW_F4_V1.23.0/Drivers/STM32F4xx_HAL_Driver/Src/stm32f4xx_hal_i2c_ex.c ****     
 176:/home/paulo/Alexandria/STM32Cube_FW_F4_V1.23.0/Drivers/STM32F4xx_HAL_Driver/Src/stm32f4xx_hal_i2c_ex.c ****     return HAL_OK; 
 177:/home/paulo/Alexandria/STM32Cube_FW_F4_V1.23.0/Drivers/STM32F4xx_HAL_Driver/Src/stm32f4xx_hal_i2c_ex.c ****   }
 178:/home/paulo/Alexandria/STM32Cube_FW_F4_V1.23.0/Drivers/STM32F4xx_HAL_Driver/Src/stm32f4xx_hal_i2c_ex.c ****   else
 179:/home/paulo/Alexandria/STM32Cube_FW_F4_V1.23.0/Drivers/STM32F4xx_HAL_Driver/Src/stm32f4xx_hal_i2c_ex.c ****   {
 180:/home/paulo/Alexandria/STM32Cube_FW_F4_V1.23.0/Drivers/STM32F4xx_HAL_Driver/Src/stm32f4xx_hal_i2c_ex.c ****     return HAL_BUSY; 
 118              		.loc 1 180 12 view .LVU30
 119 000a 0220     		movs	r0, #2
 120              	.LVL5:
 181:/home/paulo/Alexandria/STM32Cube_FW_F4_V1.23.0/Drivers/STM32F4xx_HAL_Driver/Src/stm32f4xx_hal_i2c_ex.c ****   }
 182:/home/paulo/Alexandria/STM32Cube_FW_F4_V1.23.0/Drivers/STM32F4xx_HAL_Driver/Src/stm32f4xx_hal_i2c_ex.c **** }  
 121              		.loc 1 182 1 view .LVU31
 122 000c 7047     		bx	lr
 123              	.LVL6:
 124              	.L8:
 155:/home/paulo/Alexandria/STM32Cube_FW_F4_V1.23.0/Drivers/STM32F4xx_HAL_Driver/Src/stm32f4xx_hal_i2c_ex.c ****     
 125              		.loc 1 155 5 is_stmt 1 view .LVU32
 155:/home/paulo/Alexandria/STM32Cube_FW_F4_V1.23.0/Drivers/STM32F4xx_HAL_Driver/Src/stm32f4xx_hal_i2c_ex.c ****     
 126              		.loc 1 155 17 is_stmt 0 view .LVU33
 127 000e 2423     		movs	r3, #36
 128 0010 80F83D30 		strb	r3, [r0, #61]
 158:/home/paulo/Alexandria/STM32Cube_FW_F4_V1.23.0/Drivers/STM32F4xx_HAL_Driver/Src/stm32f4xx_hal_i2c_ex.c ****     
 129              		.loc 1 158 5 is_stmt 1 view .LVU34
 130 0014 0368     		ldr	r3, [r0]
 131 0016 1A68     		ldr	r2, [r3]
 132 0018 22F00102 		bic	r2, r2, #1
 133 001c 1A60     		str	r2, [r3]
 161:/home/paulo/Alexandria/STM32Cube_FW_F4_V1.23.0/Drivers/STM32F4xx_HAL_Driver/Src/stm32f4xx_hal_i2c_ex.c ****     
 134              		.loc 1 161 5 view .LVU35
 161:/home/paulo/Alexandria/STM32Cube_FW_F4_V1.23.0/Drivers/STM32F4xx_HAL_Driver/Src/stm32f4xx_hal_i2c_ex.c ****     
 135              		.loc 1 161 18 is_stmt 0 view .LVU36
 136 001e 0268     		ldr	r2, [r0]
 161:/home/paulo/Alexandria/STM32Cube_FW_F4_V1.23.0/Drivers/STM32F4xx_HAL_Driver/Src/stm32f4xx_hal_i2c_ex.c ****     
 137              		.loc 1 161 28 view .LVU37
 138 0020 536A     		ldr	r3, [r2, #36]
 161:/home/paulo/Alexandria/STM32Cube_FW_F4_V1.23.0/Drivers/STM32F4xx_HAL_Driver/Src/stm32f4xx_hal_i2c_ex.c ****     
 139              		.loc 1 161 12 view .LVU38
 140 0022 9BB2     		uxth	r3, r3
 141              	.LVL7:
ARM GAS  /tmp/cc0EuGnU.s 			page 7


 164:/home/paulo/Alexandria/STM32Cube_FW_F4_V1.23.0/Drivers/STM32F4xx_HAL_Driver/Src/stm32f4xx_hal_i2c_ex.c ****     
 142              		.loc 1 164 5 is_stmt 1 view .LVU39
 164:/home/paulo/Alexandria/STM32Cube_FW_F4_V1.23.0/Drivers/STM32F4xx_HAL_Driver/Src/stm32f4xx_hal_i2c_ex.c ****     
 143              		.loc 1 164 12 is_stmt 0 view .LVU40
 144 0024 23F00F03 		bic	r3, r3, #15
 145              	.LVL8:
 167:/home/paulo/Alexandria/STM32Cube_FW_F4_V1.23.0/Drivers/STM32F4xx_HAL_Driver/Src/stm32f4xx_hal_i2c_ex.c ****     
 146              		.loc 1 167 5 is_stmt 1 view .LVU41
 167:/home/paulo/Alexandria/STM32Cube_FW_F4_V1.23.0/Drivers/STM32F4xx_HAL_Driver/Src/stm32f4xx_hal_i2c_ex.c ****     
 147              		.loc 1 167 12 is_stmt 0 view .LVU42
 148 0028 0B43     		orrs	r3, r3, r1
 149              	.LVL9:
 167:/home/paulo/Alexandria/STM32Cube_FW_F4_V1.23.0/Drivers/STM32F4xx_HAL_Driver/Src/stm32f4xx_hal_i2c_ex.c ****     
 150              		.loc 1 167 12 view .LVU43
 151 002a 9BB2     		uxth	r3, r3
 152              	.LVL10:
 170:/home/paulo/Alexandria/STM32Cube_FW_F4_V1.23.0/Drivers/STM32F4xx_HAL_Driver/Src/stm32f4xx_hal_i2c_ex.c ****     
 153              		.loc 1 170 5 is_stmt 1 view .LVU44
 170:/home/paulo/Alexandria/STM32Cube_FW_F4_V1.23.0/Drivers/STM32F4xx_HAL_Driver/Src/stm32f4xx_hal_i2c_ex.c ****     
 154              		.loc 1 170 26 is_stmt 0 view .LVU45
 155 002c 5362     		str	r3, [r2, #36]
 172:/home/paulo/Alexandria/STM32Cube_FW_F4_V1.23.0/Drivers/STM32F4xx_HAL_Driver/Src/stm32f4xx_hal_i2c_ex.c ****     
 156              		.loc 1 172 5 is_stmt 1 view .LVU46
 157 002e 0268     		ldr	r2, [r0]
 158 0030 1368     		ldr	r3, [r2]
 159              	.LVL11:
 172:/home/paulo/Alexandria/STM32Cube_FW_F4_V1.23.0/Drivers/STM32F4xx_HAL_Driver/Src/stm32f4xx_hal_i2c_ex.c ****     
 160              		.loc 1 172 5 is_stmt 0 view .LVU47
 161 0032 43F00103 		orr	r3, r3, #1
 162 0036 1360     		str	r3, [r2]
 174:/home/paulo/Alexandria/STM32Cube_FW_F4_V1.23.0/Drivers/STM32F4xx_HAL_Driver/Src/stm32f4xx_hal_i2c_ex.c ****     
 163              		.loc 1 174 5 is_stmt 1 view .LVU48
 174:/home/paulo/Alexandria/STM32Cube_FW_F4_V1.23.0/Drivers/STM32F4xx_HAL_Driver/Src/stm32f4xx_hal_i2c_ex.c ****     
 164              		.loc 1 174 17 is_stmt 0 view .LVU49
 165 0038 2023     		movs	r3, #32
 166 003a 80F83D30 		strb	r3, [r0, #61]
 176:/home/paulo/Alexandria/STM32Cube_FW_F4_V1.23.0/Drivers/STM32F4xx_HAL_Driver/Src/stm32f4xx_hal_i2c_ex.c ****   }
 167              		.loc 1 176 5 is_stmt 1 view .LVU50
 176:/home/paulo/Alexandria/STM32Cube_FW_F4_V1.23.0/Drivers/STM32F4xx_HAL_Driver/Src/stm32f4xx_hal_i2c_ex.c ****   }
 168              		.loc 1 176 12 is_stmt 0 view .LVU51
 169 003e 0020     		movs	r0, #0
 170              	.LVL12:
 176:/home/paulo/Alexandria/STM32Cube_FW_F4_V1.23.0/Drivers/STM32F4xx_HAL_Driver/Src/stm32f4xx_hal_i2c_ex.c ****   }
 171              		.loc 1 176 12 view .LVU52
 172 0040 7047     		bx	lr
 173              		.cfi_endproc
 174              	.LFE127:
 176              		.text
 177              	.Letext0:
 178              		.file 2 "/usr/local/bin/gcc-arm-none-eabi-8-2018-q4-major/arm-none-eabi/include/machine/_default_t
 179              		.file 3 "/usr/local/bin/gcc-arm-none-eabi-8-2018-q4-major/arm-none-eabi/include/sys/_stdint.h"
 180              		.file 4 "/home/paulo/Alexandria/STM32Cube_FW_F4_V1.23.0/Drivers/CMSIS/Include/core_cm4.h"
 181              		.file 5 "/home/paulo/Alexandria/STM32Cube_FW_F4_V1.23.0/Drivers/CMSIS/Device/ST/STM32F4xx/Include/
 182              		.file 6 "/home/paulo/Alexandria/STM32Cube_FW_F4_V1.23.0/Drivers/CMSIS/Device/ST/STM32F4xx/Include/
 183              		.file 7 "/usr/local/bin/gcc-arm-none-eabi-8-2018-q4-major/arm-none-eabi/include/sys/lock.h"
 184              		.file 8 "/usr/local/bin/gcc-arm-none-eabi-8-2018-q4-major/arm-none-eabi/include/sys/_types.h"
 185              		.file 9 "/usr/local/bin/gcc-arm-none-eabi-8-2018-q4-major/lib/gcc/arm-none-eabi/8.2.1/include/stdd
ARM GAS  /tmp/cc0EuGnU.s 			page 8


 186              		.file 10 "/usr/local/bin/gcc-arm-none-eabi-8-2018-q4-major/arm-none-eabi/include/sys/reent.h"
 187              		.file 11 "/home/paulo/Alexandria/STM32Cube_FW_F4_V1.23.0/Drivers/STM32F4xx_HAL_Driver/Inc/stm32f4x
 188              		.file 12 "/home/paulo/Alexandria/STM32Cube_FW_F4_V1.23.0/Drivers/STM32F4xx_HAL_Driver/Inc/stm32f4x
 189              		.file 13 "/home/paulo/Alexandria/STM32Cube_FW_F4_V1.23.0/Drivers/STM32F4xx_HAL_Driver/Inc/stm32f4x
ARM GAS  /tmp/cc0EuGnU.s 			page 9


DEFINED SYMBOLS
                            *ABS*:0000000000000000 stm32f4xx_hal_i2c_ex.c
     /tmp/cc0EuGnU.s:18     .text.HAL_I2CEx_ConfigAnalogFilter:0000000000000000 $t
     /tmp/cc0EuGnU.s:26     .text.HAL_I2CEx_ConfigAnalogFilter:0000000000000000 HAL_I2CEx_ConfigAnalogFilter
     /tmp/cc0EuGnU.s:93     .text.HAL_I2CEx_ConfigDigitalFilter:0000000000000000 $t
     /tmp/cc0EuGnU.s:100    .text.HAL_I2CEx_ConfigDigitalFilter:0000000000000000 HAL_I2CEx_ConfigDigitalFilter

NO UNDEFINED SYMBOLS
